ERROR - 2025-03-03 07:15:17 --> Error connecting to the database: mysqli_sql_exception: Access denied for user 'root'@'localhost' (using password: NO) in C:\wamp64\www\mi_proyecto\system\Database\MySQLi\Connection.php:201
Stack trace:
#0 C:\wamp64\www\mi_proyecto\system\Database\MySQLi\Connection.php(201): mysqli->real_connect('localhost', 'root', Object(SensitiveParameterValue), 'roast_coffe', 3306, '', 0)
#1 C:\wamp64\www\mi_proyecto\system\Database\BaseConnection.php(421): CodeIgniter\Database\MySQLi\Connection->connect(false)
#2 C:\wamp64\www\mi_proyecto\system\Database\BaseConnection.php(620): CodeIgniter\Database\BaseConnection->initialize()
#3 C:\wamp64\www\mi_proyecto\system\Database\BaseBuilder.php(1649): CodeIgniter\Database\BaseConnection->query('SELECT *\nFROM `...', Array, false)
#4 C:\wamp64\www\mi_proyecto\system\Model.php(330): CodeIgniter\Database\BaseBuilder->get()
#5 C:\wamp64\www\mi_proyecto\system\BaseModel.php(713): CodeIgniter\Model->doFirst()
#6 C:\wamp64\www\mi_proyecto\app\Models\UserModel.php(23): CodeIgniter\BaseModel->first()
#7 C:\wamp64\www\mi_proyecto\app\Controllers\AuthController.php(84): App\Models\UserModel->findByMail('juancarlos@gmai...')
#8 C:\wamp64\www\mi_proyecto\system\CodeIgniter.php(933): App\Controllers\AuthController->loginProcess()
#9 C:\wamp64\www\mi_proyecto\system\CodeIgniter.php(507): CodeIgniter\CodeIgniter->runController(Object(App\Controllers\AuthController))
#10 C:\wamp64\www\mi_proyecto\system\CodeIgniter.php(354): CodeIgniter\CodeIgniter->handleRequest(NULL, Object(Config\Cache), false)
#11 C:\wamp64\www\mi_proyecto\system\Boot.php(334): CodeIgniter\CodeIgniter->run()
#12 C:\wamp64\www\mi_proyecto\system\Boot.php(67): CodeIgniter\Boot::runCodeIgniter(Object(CodeIgniter\CodeIgniter))
#13 C:\wamp64\www\mi_proyecto\public\index.php(56): CodeIgniter\Boot::bootWeb(Object(Config\Paths))
#14 {main}

Next CodeIgniter\Database\Exceptions\DatabaseException: Access denied for user '****'@'localhost' (using password: NO) in C:\wamp64\www\mi_proyecto\system\Database\MySQLi\Connection.php:246
Stack trace:
#0 C:\wamp64\www\mi_proyecto\system\Database\BaseConnection.php(421): CodeIgniter\Database\MySQLi\Connection->connect(false)
#1 C:\wamp64\www\mi_proyecto\system\Database\BaseConnection.php(620): CodeIgniter\Database\BaseConnection->initialize()
#2 C:\wamp64\www\mi_proyecto\system\Database\BaseBuilder.php(1649): CodeIgniter\Database\BaseConnection->query('SELECT *\nFROM `...', Array, false)
#3 C:\wamp64\www\mi_proyecto\system\Model.php(330): CodeIgniter\Database\BaseBuilder->get()
#4 C:\wamp64\www\mi_proyecto\system\BaseModel.php(713): CodeIgniter\Model->doFirst()
#5 C:\wamp64\www\mi_proyecto\app\Models\UserModel.php(23): CodeIgniter\BaseModel->first()
#6 C:\wamp64\www\mi_proyecto\app\Controllers\AuthController.php(84): App\Models\UserModel->findByMail('juancarlos@gmai...')
#7 C:\wamp64\www\mi_proyecto\system\CodeIgniter.php(933): App\Controllers\AuthController->loginProcess()
#8 C:\wamp64\www\mi_proyecto\system\CodeIgniter.php(507): CodeIgniter\CodeIgniter->runController(Object(App\Controllers\AuthController))
#9 C:\wamp64\www\mi_proyecto\system\CodeIgniter.php(354): CodeIgniter\CodeIgniter->handleRequest(NULL, Object(Config\Cache), false)
#10 C:\wamp64\www\mi_proyecto\system\Boot.php(334): CodeIgniter\CodeIgniter->run()
#11 C:\wamp64\www\mi_proyecto\system\Boot.php(67): CodeIgniter\Boot::runCodeIgniter(Object(CodeIgniter\CodeIgniter))
#12 C:\wamp64\www\mi_proyecto\public\index.php(56): CodeIgniter\Boot::bootWeb(Object(Config\Paths))
#13 {main}
CRITICAL - 2025-03-03 07:15:17 --> CodeIgniter\Database\Exceptions\DatabaseException: Unable to connect to the database.
Main connection [MySQLi]: Access denied for user '****'@'localhost' (using password: NO)
[Method: POST, Route: login/process]
in SYSTEMPATH\Database\BaseConnection.php on line 467.
 1 SYSTEMPATH\Database\BaseConnection.php(620): CodeIgniter\Database\BaseConnection->initialize()
 2 SYSTEMPATH\Database\BaseBuilder.php(1649): CodeIgniter\Database\BaseConnection->query('SELECT *
FROM `users`
WHERE `email` = :email:
 LIMIT 1', [...], false)
 3 SYSTEMPATH\Model.php(330): CodeIgniter\Database\BaseBuilder->get()
 4 SYSTEMPATH\BaseModel.php(713): CodeIgniter\Model->doFirst()
 5 APPPATH\Models\UserModel.php(23): CodeIgniter\BaseModel->first()
 6 APPPATH\Controllers\AuthController.php(84): App\Models\UserModel->findByMail('juancarlos@gmail.com')
 7 SYSTEMPATH\CodeIgniter.php(933): App\Controllers\AuthController->loginProcess()
 8 SYSTEMPATH\CodeIgniter.php(507): CodeIgniter\CodeIgniter->runController(Object(App\Controllers\AuthController))
 9 SYSTEMPATH\CodeIgniter.php(354): CodeIgniter\CodeIgniter->handleRequest(null, Object(Config\Cache), false)
10 SYSTEMPATH\Boot.php(334): CodeIgniter\CodeIgniter->run()
11 SYSTEMPATH\Boot.php(67): CodeIgniter\Boot::runCodeIgniter(Object(CodeIgniter\CodeIgniter))
12 FCPATH\index.php(56): CodeIgniter\Boot::bootWeb(Object(Config\Paths))
ERROR - 2025-03-03 07:16:41 --> Error connecting to the database: mysqli_sql_exception: Access denied for user 'root'@'localhost' (using password: NO) in C:\wamp64\www\mi_proyecto\system\Database\MySQLi\Connection.php:201
Stack trace:
#0 C:\wamp64\www\mi_proyecto\system\Database\MySQLi\Connection.php(201): mysqli->real_connect('localhost', 'root', Object(SensitiveParameterValue), 'roast_coffe', 3306, '', 0)
#1 C:\wamp64\www\mi_proyecto\system\Database\BaseConnection.php(421): CodeIgniter\Database\MySQLi\Connection->connect(false)
#2 C:\wamp64\www\mi_proyecto\system\Database\BaseConnection.php(620): CodeIgniter\Database\BaseConnection->initialize()
#3 C:\wamp64\www\mi_proyecto\system\Database\BaseBuilder.php(1649): CodeIgniter\Database\BaseConnection->query('SELECT *\nFROM `...', Array, false)
#4 C:\wamp64\www\mi_proyecto\system\Model.php(330): CodeIgniter\Database\BaseBuilder->get()
#5 C:\wamp64\www\mi_proyecto\system\BaseModel.php(713): CodeIgniter\Model->doFirst()
#6 C:\wamp64\www\mi_proyecto\app\Models\UserModel.php(23): CodeIgniter\BaseModel->first()
#7 C:\wamp64\www\mi_proyecto\app\Controllers\AuthController.php(84): App\Models\UserModel->findByMail('prueba2@gmail.c...')
#8 C:\wamp64\www\mi_proyecto\system\CodeIgniter.php(933): App\Controllers\AuthController->loginProcess()
#9 C:\wamp64\www\mi_proyecto\system\CodeIgniter.php(507): CodeIgniter\CodeIgniter->runController(Object(App\Controllers\AuthController))
#10 C:\wamp64\www\mi_proyecto\system\CodeIgniter.php(354): CodeIgniter\CodeIgniter->handleRequest(NULL, Object(Config\Cache), false)
#11 C:\wamp64\www\mi_proyecto\system\Boot.php(334): CodeIgniter\CodeIgniter->run()
#12 C:\wamp64\www\mi_proyecto\system\Boot.php(67): CodeIgniter\Boot::runCodeIgniter(Object(CodeIgniter\CodeIgniter))
#13 C:\wamp64\www\mi_proyecto\public\index.php(56): CodeIgniter\Boot::bootWeb(Object(Config\Paths))
#14 {main}

Next CodeIgniter\Database\Exceptions\DatabaseException: Access denied for user '****'@'localhost' (using password: NO) in C:\wamp64\www\mi_proyecto\system\Database\MySQLi\Connection.php:246
Stack trace:
#0 C:\wamp64\www\mi_proyecto\system\Database\BaseConnection.php(421): CodeIgniter\Database\MySQLi\Connection->connect(false)
#1 C:\wamp64\www\mi_proyecto\system\Database\BaseConnection.php(620): CodeIgniter\Database\BaseConnection->initialize()
#2 C:\wamp64\www\mi_proyecto\system\Database\BaseBuilder.php(1649): CodeIgniter\Database\BaseConnection->query('SELECT *\nFROM `...', Array, false)
#3 C:\wamp64\www\mi_proyecto\system\Model.php(330): CodeIgniter\Database\BaseBuilder->get()
#4 C:\wamp64\www\mi_proyecto\system\BaseModel.php(713): CodeIgniter\Model->doFirst()
#5 C:\wamp64\www\mi_proyecto\app\Models\UserModel.php(23): CodeIgniter\BaseModel->first()
#6 C:\wamp64\www\mi_proyecto\app\Controllers\AuthController.php(84): App\Models\UserModel->findByMail('prueba2@gmail.c...')
#7 C:\wamp64\www\mi_proyecto\system\CodeIgniter.php(933): App\Controllers\AuthController->loginProcess()
#8 C:\wamp64\www\mi_proyecto\system\CodeIgniter.php(507): CodeIgniter\CodeIgniter->runController(Object(App\Controllers\AuthController))
#9 C:\wamp64\www\mi_proyecto\system\CodeIgniter.php(354): CodeIgniter\CodeIgniter->handleRequest(NULL, Object(Config\Cache), false)
#10 C:\wamp64\www\mi_proyecto\system\Boot.php(334): CodeIgniter\CodeIgniter->run()
#11 C:\wamp64\www\mi_proyecto\system\Boot.php(67): CodeIgniter\Boot::runCodeIgniter(Object(CodeIgniter\CodeIgniter))
#12 C:\wamp64\www\mi_proyecto\public\index.php(56): CodeIgniter\Boot::bootWeb(Object(Config\Paths))
#13 {main}
CRITICAL - 2025-03-03 07:16:41 --> CodeIgniter\Database\Exceptions\DatabaseException: Unable to connect to the database.
Main connection [MySQLi]: Access denied for user '****'@'localhost' (using password: NO)
[Method: POST, Route: login/process]
in SYSTEMPATH\Database\BaseConnection.php on line 467.
 1 SYSTEMPATH\Database\BaseConnection.php(620): CodeIgniter\Database\BaseConnection->initialize()
 2 SYSTEMPATH\Database\BaseBuilder.php(1649): CodeIgniter\Database\BaseConnection->query('SELECT *
FROM `users`
WHERE `email` = :email:
 LIMIT 1', [...], false)
 3 SYSTEMPATH\Model.php(330): CodeIgniter\Database\BaseBuilder->get()
 4 SYSTEMPATH\BaseModel.php(713): CodeIgniter\Model->doFirst()
 5 APPPATH\Models\UserModel.php(23): CodeIgniter\BaseModel->first()
 6 APPPATH\Controllers\AuthController.php(84): App\Models\UserModel->findByMail('prueba2@gmail.com')
 7 SYSTEMPATH\CodeIgniter.php(933): App\Controllers\AuthController->loginProcess()
 8 SYSTEMPATH\CodeIgniter.php(507): CodeIgniter\CodeIgniter->runController(Object(App\Controllers\AuthController))
 9 SYSTEMPATH\CodeIgniter.php(354): CodeIgniter\CodeIgniter->handleRequest(null, Object(Config\Cache), false)
10 SYSTEMPATH\Boot.php(334): CodeIgniter\CodeIgniter->run()
11 SYSTEMPATH\Boot.php(67): CodeIgniter\Boot::runCodeIgniter(Object(CodeIgniter\CodeIgniter))
12 FCPATH\index.php(56): CodeIgniter\Boot::bootWeb(Object(Config\Paths))
CRITICAL - 2025-03-03 07:28:15 --> TypeError: CodeIgniter\Database\BaseBuilder::setBind(): Argument #1 ($key) must be of type string, int given, called in C:\wamp64\www\mi_proyecto\system\Database\BaseBuilder.php on line 1575
[Method: POST, Route: feedback/save]
in SYSTEMPATH\Database\BaseBuilder.php on line 3523.
 1 SYSTEMPATH\Database\BaseBuilder.php(1575): CodeIgniter\Database\BaseBuilder->setBind(0, '2025-03-03 07:28:15', true)
 2 SYSTEMPATH\Model.php(365): CodeIgniter\Database\BaseBuilder->set([...], '2025-03-03 07:28:15', true)
 3 SYSTEMPATH\BaseModel.php(839): CodeIgniter\Model->doInsert([...])
 4 SYSTEMPATH\Model.php(800): CodeIgniter\BaseModel->insert([...], true)
 5 APPPATH\Controllers\FeedbackController.php(109): CodeIgniter\Model->insert([...])
 6 SYSTEMPATH\CodeIgniter.php(933): App\Controllers\FeedbackController->saveFeedback()
 7 SYSTEMPATH\CodeIgniter.php(507): CodeIgniter\CodeIgniter->runController(Object(App\Controllers\FeedbackController))
 8 SYSTEMPATH\CodeIgniter.php(354): CodeIgniter\CodeIgniter->handleRequest(null, Object(Config\Cache), false)
 9 SYSTEMPATH\Boot.php(334): CodeIgniter\CodeIgniter->run()
10 SYSTEMPATH\Boot.php(67): CodeIgniter\Boot::runCodeIgniter(Object(CodeIgniter\CodeIgniter))
11 FCPATH\index.php(56): CodeIgniter\Boot::bootWeb(Object(Config\Paths))
CRITICAL - 2025-03-03 07:31:14 --> TypeError: CodeIgniter\Database\BaseBuilder::setBind(): Argument #1 ($key) must be of type string, int given, called in C:\wamp64\www\mi_proyecto\system\Database\BaseBuilder.php on line 1575
[Method: POST, Route: feedback/save]
in SYSTEMPATH\Database\BaseBuilder.php on line 3523.
 1 SYSTEMPATH\Database\BaseBuilder.php(1575): CodeIgniter\Database\BaseBuilder->setBind(0, '2025-03-03 07:31:14', true)
 2 SYSTEMPATH\Model.php(365): CodeIgniter\Database\BaseBuilder->set([...], '2025-03-03 07:31:14', true)
 3 SYSTEMPATH\BaseModel.php(839): CodeIgniter\Model->doInsert([...])
 4 SYSTEMPATH\Model.php(800): CodeIgniter\BaseModel->insert([...], true)
 5 APPPATH\Controllers\FeedbackController.php(110): CodeIgniter\Model->insert([...])
 6 SYSTEMPATH\CodeIgniter.php(933): App\Controllers\FeedbackController->saveFeedback()
 7 SYSTEMPATH\CodeIgniter.php(507): CodeIgniter\CodeIgniter->runController(Object(App\Controllers\FeedbackController))
 8 SYSTEMPATH\CodeIgniter.php(354): CodeIgniter\CodeIgniter->handleRequest(null, Object(Config\Cache), false)
 9 SYSTEMPATH\Boot.php(334): CodeIgniter\CodeIgniter->run()
10 SYSTEMPATH\Boot.php(67): CodeIgniter\Boot::runCodeIgniter(Object(CodeIgniter\CodeIgniter))
11 FCPATH\index.php(56): CodeIgniter\Boot::bootWeb(Object(Config\Paths))
CRITICAL - 2025-03-03 07:32:33 --> TypeError: CodeIgniter\Database\BaseBuilder::setBind(): Argument #1 ($key) must be of type string, int given, called in C:\wamp64\www\mi_proyecto\system\Database\BaseBuilder.php on line 1575
[Method: POST, Route: feedback/save/17]
in SYSTEMPATH\Database\BaseBuilder.php on line 3523.
 1 SYSTEMPATH\Database\BaseBuilder.php(1575): CodeIgniter\Database\BaseBuilder->setBind(0, '2025-03-03 07:32:33', true)
 2 SYSTEMPATH\Model.php(452): CodeIgniter\Database\BaseBuilder->set([...], '2025-03-03 07:32:33', true)
 3 SYSTEMPATH\BaseModel.php(1027): CodeIgniter\Model->doUpdate([...], [...])
 4 SYSTEMPATH\Model.php(863): CodeIgniter\BaseModel->update([...], [...])
 5 APPPATH\Controllers\FeedbackController.php(107): CodeIgniter\Model->update('17', [...])
 6 SYSTEMPATH\CodeIgniter.php(933): App\Controllers\FeedbackController->saveFeedback('17')
 7 SYSTEMPATH\CodeIgniter.php(507): CodeIgniter\CodeIgniter->runController(Object(App\Controllers\FeedbackController))
 8 SYSTEMPATH\CodeIgniter.php(354): CodeIgniter\CodeIgniter->handleRequest(null, Object(Config\Cache), false)
 9 SYSTEMPATH\Boot.php(334): CodeIgniter\CodeIgniter->run()
10 SYSTEMPATH\Boot.php(67): CodeIgniter\Boot::runCodeIgniter(Object(CodeIgniter\CodeIgniter))
11 FCPATH\index.php(56): CodeIgniter\Boot::bootWeb(Object(Config\Paths))
CRITICAL - 2025-03-03 07:33:30 --> TypeError: CodeIgniter\Database\BaseBuilder::setBind(): Argument #1 ($key) must be of type string, int given, called in C:\wamp64\www\mi_proyecto\system\Database\BaseBuilder.php on line 1575
[Method: POST, Route: feedback/save]
in SYSTEMPATH\Database\BaseBuilder.php on line 3523.
 1 SYSTEMPATH\Database\BaseBuilder.php(1575): CodeIgniter\Database\BaseBuilder->setBind(0, '2025-03-03 07:33:30', true)
 2 SYSTEMPATH\Model.php(365): CodeIgniter\Database\BaseBuilder->set([...], '2025-03-03 07:33:30', true)
 3 SYSTEMPATH\BaseModel.php(839): CodeIgniter\Model->doInsert([...])
 4 SYSTEMPATH\Model.php(800): CodeIgniter\BaseModel->insert([...], true)
 5 APPPATH\Controllers\FeedbackController.php(109): CodeIgniter\Model->insert([...])
 6 SYSTEMPATH\CodeIgniter.php(933): App\Controllers\FeedbackController->saveFeedback()
 7 SYSTEMPATH\CodeIgniter.php(507): CodeIgniter\CodeIgniter->runController(Object(App\Controllers\FeedbackController))
 8 SYSTEMPATH\CodeIgniter.php(354): CodeIgniter\CodeIgniter->handleRequest(null, Object(Config\Cache), false)
 9 SYSTEMPATH\Boot.php(334): CodeIgniter\CodeIgniter->run()
10 SYSTEMPATH\Boot.php(67): CodeIgniter\Boot::runCodeIgniter(Object(CodeIgniter\CodeIgniter))
11 FCPATH\index.php(56): CodeIgniter\Boot::bootWeb(Object(Config\Paths))
CRITICAL - 2025-03-03 07:39:25 --> TypeError: CodeIgniter\Database\BaseBuilder::setBind(): Argument #1 ($key) must be of type string, int given, called in C:\wamp64\www\mi_proyecto\system\Database\BaseBuilder.php on line 1575
[Method: POST, Route: feedback/save]
in SYSTEMPATH\Database\BaseBuilder.php on line 3523.
 1 SYSTEMPATH\Database\BaseBuilder.php(1575): CodeIgniter\Database\BaseBuilder->setBind(0, '2025-03-03 07:39:25', true)
 2 SYSTEMPATH\Model.php(365): CodeIgniter\Database\BaseBuilder->set([...], '2025-03-03 07:39:25', true)
 3 SYSTEMPATH\BaseModel.php(839): CodeIgniter\Model->doInsert([...])
 4 SYSTEMPATH\Model.php(800): CodeIgniter\BaseModel->insert([...], true)
 5 APPPATH\Controllers\FeedbackController.php(109): CodeIgniter\Model->insert([...])
 6 SYSTEMPATH\CodeIgniter.php(933): App\Controllers\FeedbackController->saveFeedback()
 7 SYSTEMPATH\CodeIgniter.php(507): CodeIgniter\CodeIgniter->runController(Object(App\Controllers\FeedbackController))
 8 SYSTEMPATH\CodeIgniter.php(354): CodeIgniter\CodeIgniter->handleRequest(null, Object(Config\Cache), false)
 9 SYSTEMPATH\Boot.php(334): CodeIgniter\CodeIgniter->run()
10 SYSTEMPATH\Boot.php(67): CodeIgniter\Boot::runCodeIgniter(Object(CodeIgniter\CodeIgniter))
11 FCPATH\index.php(56): CodeIgniter\Boot::bootWeb(Object(Config\Paths))
CRITICAL - 2025-03-03 07:41:36 --> TypeError: CodeIgniter\Database\BaseBuilder::setBind(): Argument #1 ($key) must be of type string, int given, called in C:\wamp64\www\mi_proyecto\system\Database\BaseBuilder.php on line 1575
[Method: POST, Route: feedback/save]
in SYSTEMPATH\Database\BaseBuilder.php on line 3523.
 1 SYSTEMPATH\Database\BaseBuilder.php(1575): CodeIgniter\Database\BaseBuilder->setBind(0, '2025-03-03 07:41:36', true)
 2 SYSTEMPATH\Model.php(365): CodeIgniter\Database\BaseBuilder->set([...], '2025-03-03 07:41:36', true)
 3 SYSTEMPATH\BaseModel.php(839): CodeIgniter\Model->doInsert([...])
 4 SYSTEMPATH\Model.php(800): CodeIgniter\BaseModel->insert([...], true)
 5 APPPATH\Controllers\FeedbackController.php(109): CodeIgniter\Model->insert([...])
 6 SYSTEMPATH\CodeIgniter.php(933): App\Controllers\FeedbackController->saveFeedback()
 7 SYSTEMPATH\CodeIgniter.php(507): CodeIgniter\CodeIgniter->runController(Object(App\Controllers\FeedbackController))
 8 SYSTEMPATH\CodeIgniter.php(354): CodeIgniter\CodeIgniter->handleRequest(null, Object(Config\Cache), false)
 9 SYSTEMPATH\Boot.php(334): CodeIgniter\CodeIgniter->run()
10 SYSTEMPATH\Boot.php(67): CodeIgniter\Boot::runCodeIgniter(Object(CodeIgniter\CodeIgniter))
11 FCPATH\index.php(56): CodeIgniter\Boot::bootWeb(Object(Config\Paths))
CRITICAL - 2025-03-03 07:41:45 --> TypeError: CodeIgniter\Database\BaseBuilder::setBind(): Argument #1 ($key) must be of type string, int given, called in C:\wamp64\www\mi_proyecto\system\Database\BaseBuilder.php on line 1575
[Method: POST, Route: feedback/save]
in SYSTEMPATH\Database\BaseBuilder.php on line 3523.
 1 SYSTEMPATH\Database\BaseBuilder.php(1575): CodeIgniter\Database\BaseBuilder->setBind(0, '2025-03-03 07:41:45', true)
 2 SYSTEMPATH\Model.php(365): CodeIgniter\Database\BaseBuilder->set([...], '2025-03-03 07:41:45', true)
 3 SYSTEMPATH\BaseModel.php(839): CodeIgniter\Model->doInsert([...])
 4 SYSTEMPATH\Model.php(800): CodeIgniter\BaseModel->insert([...], true)
 5 APPPATH\Controllers\FeedbackController.php(109): CodeIgniter\Model->insert([...])
 6 SYSTEMPATH\CodeIgniter.php(933): App\Controllers\FeedbackController->saveFeedback()
 7 SYSTEMPATH\CodeIgniter.php(507): CodeIgniter\CodeIgniter->runController(Object(App\Controllers\FeedbackController))
 8 SYSTEMPATH\CodeIgniter.php(354): CodeIgniter\CodeIgniter->handleRequest(null, Object(Config\Cache), false)
 9 SYSTEMPATH\Boot.php(334): CodeIgniter\CodeIgniter->run()
10 SYSTEMPATH\Boot.php(67): CodeIgniter\Boot::runCodeIgniter(Object(CodeIgniter\CodeIgniter))
11 FCPATH\index.php(56): CodeIgniter\Boot::bootWeb(Object(Config\Paths))
CRITICAL - 2025-03-03 07:47:18 --> TypeError: CodeIgniter\Database\BaseBuilder::setBind(): Argument #1 ($key) must be of type string, int given, called in C:\wamp64\www\mi_proyecto\system\Database\BaseBuilder.php on line 1575
[Method: POST, Route: feedback/save]
in SYSTEMPATH\Database\BaseBuilder.php on line 3523.
 1 SYSTEMPATH\Database\BaseBuilder.php(1575): CodeIgniter\Database\BaseBuilder->setBind(0, '2025-03-03 07:47:18', true)
 2 SYSTEMPATH\Model.php(365): CodeIgniter\Database\BaseBuilder->set([...], '2025-03-03 07:47:18', true)
 3 SYSTEMPATH\BaseModel.php(839): CodeIgniter\Model->doInsert([...])
 4 SYSTEMPATH\Model.php(800): CodeIgniter\BaseModel->insert([...], true)
 5 APPPATH\Controllers\FeedbackController.php(109): CodeIgniter\Model->insert([...])
 6 SYSTEMPATH\CodeIgniter.php(933): App\Controllers\FeedbackController->saveFeedback()
 7 SYSTEMPATH\CodeIgniter.php(507): CodeIgniter\CodeIgniter->runController(Object(App\Controllers\FeedbackController))
 8 SYSTEMPATH\CodeIgniter.php(354): CodeIgniter\CodeIgniter->handleRequest(null, Object(Config\Cache), false)
 9 SYSTEMPATH\Boot.php(334): CodeIgniter\CodeIgniter->run()
10 SYSTEMPATH\Boot.php(67): CodeIgniter\Boot::runCodeIgniter(Object(CodeIgniter\CodeIgniter))
11 FCPATH\index.php(56): CodeIgniter\Boot::bootWeb(Object(Config\Paths))
CRITICAL - 2025-03-03 07:47:28 --> TypeError: CodeIgniter\Database\BaseBuilder::setBind(): Argument #1 ($key) must be of type string, int given, called in C:\wamp64\www\mi_proyecto\system\Database\BaseBuilder.php on line 1575
[Method: POST, Route: feedback/save]
in SYSTEMPATH\Database\BaseBuilder.php on line 3523.
 1 SYSTEMPATH\Database\BaseBuilder.php(1575): CodeIgniter\Database\BaseBuilder->setBind(0, '2025-03-03 07:47:28', true)
 2 SYSTEMPATH\Model.php(365): CodeIgniter\Database\BaseBuilder->set([...], '2025-03-03 07:47:28', true)
 3 SYSTEMPATH\BaseModel.php(839): CodeIgniter\Model->doInsert([...])
 4 SYSTEMPATH\Model.php(800): CodeIgniter\BaseModel->insert([...], true)
 5 APPPATH\Controllers\FeedbackController.php(109): CodeIgniter\Model->insert([...])
 6 SYSTEMPATH\CodeIgniter.php(933): App\Controllers\FeedbackController->saveFeedback()
 7 SYSTEMPATH\CodeIgniter.php(507): CodeIgniter\CodeIgniter->runController(Object(App\Controllers\FeedbackController))
 8 SYSTEMPATH\CodeIgniter.php(354): CodeIgniter\CodeIgniter->handleRequest(null, Object(Config\Cache), false)
 9 SYSTEMPATH\Boot.php(334): CodeIgniter\CodeIgniter->run()
10 SYSTEMPATH\Boot.php(67): CodeIgniter\Boot::runCodeIgniter(Object(CodeIgniter\CodeIgniter))
11 FCPATH\index.php(56): CodeIgniter\Boot::bootWeb(Object(Config\Paths))
CRITICAL - 2025-03-03 07:47:30 --> TypeError: CodeIgniter\Database\BaseBuilder::setBind(): Argument #1 ($key) must be of type string, int given, called in C:\wamp64\www\mi_proyecto\system\Database\BaseBuilder.php on line 1575
[Method: POST, Route: feedback/save]
in SYSTEMPATH\Database\BaseBuilder.php on line 3523.
 1 SYSTEMPATH\Database\BaseBuilder.php(1575): CodeIgniter\Database\BaseBuilder->setBind(0, '2025-03-03 07:47:30', true)
 2 SYSTEMPATH\Model.php(365): CodeIgniter\Database\BaseBuilder->set([...], '2025-03-03 07:47:30', true)
 3 SYSTEMPATH\BaseModel.php(839): CodeIgniter\Model->doInsert([...])
 4 SYSTEMPATH\Model.php(800): CodeIgniter\BaseModel->insert([...], true)
 5 APPPATH\Controllers\FeedbackController.php(109): CodeIgniter\Model->insert([...])
 6 SYSTEMPATH\CodeIgniter.php(933): App\Controllers\FeedbackController->saveFeedback()
 7 SYSTEMPATH\CodeIgniter.php(507): CodeIgniter\CodeIgniter->runController(Object(App\Controllers\FeedbackController))
 8 SYSTEMPATH\CodeIgniter.php(354): CodeIgniter\CodeIgniter->handleRequest(null, Object(Config\Cache), false)
 9 SYSTEMPATH\Boot.php(334): CodeIgniter\CodeIgniter->run()
10 SYSTEMPATH\Boot.php(67): CodeIgniter\Boot::runCodeIgniter(Object(CodeIgniter\CodeIgniter))
11 FCPATH\index.php(56): CodeIgniter\Boot::bootWeb(Object(Config\Paths))
CRITICAL - 2025-03-03 07:47:40 --> TypeError: CodeIgniter\Database\BaseBuilder::setBind(): Argument #1 ($key) must be of type string, int given, called in C:\wamp64\www\mi_proyecto\system\Database\BaseBuilder.php on line 1575
[Method: POST, Route: feedback/save/17]
in SYSTEMPATH\Database\BaseBuilder.php on line 3523.
 1 SYSTEMPATH\Database\BaseBuilder.php(1575): CodeIgniter\Database\BaseBuilder->setBind(0, '2025-03-03 07:47:40', true)
 2 SYSTEMPATH\Model.php(452): CodeIgniter\Database\BaseBuilder->set([...], '2025-03-03 07:47:40', true)
 3 SYSTEMPATH\BaseModel.php(1027): CodeIgniter\Model->doUpdate([...], [...])
 4 SYSTEMPATH\Model.php(863): CodeIgniter\BaseModel->update([...], [...])
 5 APPPATH\Controllers\FeedbackController.php(106): CodeIgniter\Model->update('17', [...])
 6 SYSTEMPATH\CodeIgniter.php(933): App\Controllers\FeedbackController->saveFeedback('17')
 7 SYSTEMPATH\CodeIgniter.php(507): CodeIgniter\CodeIgniter->runController(Object(App\Controllers\FeedbackController))
 8 SYSTEMPATH\CodeIgniter.php(354): CodeIgniter\CodeIgniter->handleRequest(null, Object(Config\Cache), false)
 9 SYSTEMPATH\Boot.php(334): CodeIgniter\CodeIgniter->run()
10 SYSTEMPATH\Boot.php(67): CodeIgniter\Boot::runCodeIgniter(Object(CodeIgniter\CodeIgniter))
11 FCPATH\index.php(56): CodeIgniter\Boot::bootWeb(Object(Config\Paths))
CRITICAL - 2025-03-03 08:35:51 --> TypeError: CodeIgniter\Database\BaseBuilder::setBind(): Argument #1 ($key) must be of type string, int given, called in C:\wamp64\www\mi_proyecto\system\Database\BaseBuilder.php on line 1575
[Method: POST, Route: feedback/save]
in SYSTEMPATH\Database\BaseBuilder.php on line 3523.
 1 SYSTEMPATH\Database\BaseBuilder.php(1575): CodeIgniter\Database\BaseBuilder->setBind(0, '2025-03-03 08:35:51', true)
 2 SYSTEMPATH\Model.php(365): CodeIgniter\Database\BaseBuilder->set([...], '2025-03-03 08:35:51', true)
 3 SYSTEMPATH\BaseModel.php(839): CodeIgniter\Model->doInsert([...])
 4 SYSTEMPATH\Model.php(800): CodeIgniter\BaseModel->insert([...], true)
 5 APPPATH\Controllers\FeedbackController.php(109): CodeIgniter\Model->insert([...])
 6 SYSTEMPATH\CodeIgniter.php(933): App\Controllers\FeedbackController->saveFeedback()
 7 SYSTEMPATH\CodeIgniter.php(507): CodeIgniter\CodeIgniter->runController(Object(App\Controllers\FeedbackController))
 8 SYSTEMPATH\CodeIgniter.php(354): CodeIgniter\CodeIgniter->handleRequest(null, Object(Config\Cache), false)
 9 SYSTEMPATH\Boot.php(334): CodeIgniter\CodeIgniter->run()
10 SYSTEMPATH\Boot.php(67): CodeIgniter\Boot::runCodeIgniter(Object(CodeIgniter\CodeIgniter))
11 FCPATH\index.php(56): CodeIgniter\Boot::bootWeb(Object(Config\Paths))
