CRITICAL - 2025-02-26 07:45:15 --> TypeError: App\Models\EventModel::getEvents(): Argument #1 ($userId) must be of type int, null given, called in C:\wamp64\www\mi_proyecto\app\Controllers\EventController.php on line 14
[Method: GET, Route: calendar]
in APPPATH\Models\EventModel.php on line 17.
 1 APPPATH\Controllers\EventController.php(14): App\Models\EventModel->getEvents(null)
 2 SYSTEMPATH\CodeIgniter.php(933): App\Controllers\EventController->index()
 3 SYSTEMPATH\CodeIgniter.php(507): CodeIgniter\CodeIgniter->runController(Object(App\Controllers\EventController))
 4 SYSTEMPATH\CodeIgniter.php(354): CodeIgniter\CodeIgniter->handleRequest(null, Object(Config\Cache), false)
 5 SYSTEMPATH\Boot.php(334): CodeIgniter\CodeIgniter->run()
 6 SYSTEMPATH\Boot.php(67): CodeIgniter\Boot::runCodeIgniter(Object(CodeIgniter\CodeIgniter))
 7 FCPATH\index.php(56): CodeIgniter\Boot::bootWeb(Object(Config\Paths))
CRITICAL - 2025-02-26 07:50:35 --> TypeError: App\Models\EventModel::getEvents(): Argument #1 ($userId) must be of type int, null given, called in C:\wamp64\www\mi_proyecto\app\Controllers\EventController.php on line 14
[Method: GET, Route: calendar]
in APPPATH\Models\EventModel.php on line 11.
 1 APPPATH\Controllers\EventController.php(14): App\Models\EventModel->getEvents(null)
 2 SYSTEMPATH\CodeIgniter.php(933): App\Controllers\EventController->index()
 3 SYSTEMPATH\CodeIgniter.php(507): CodeIgniter\CodeIgniter->runController(Object(App\Controllers\EventController))
 4 SYSTEMPATH\CodeIgniter.php(354): CodeIgniter\CodeIgniter->handleRequest(null, Object(Config\Cache), false)
 5 SYSTEMPATH\Boot.php(334): CodeIgniter\CodeIgniter->run()
 6 SYSTEMPATH\Boot.php(67): CodeIgniter\Boot::runCodeIgniter(Object(CodeIgniter\CodeIgniter))
 7 FCPATH\index.php(56): CodeIgniter\Boot::bootWeb(Object(Config\Paths))
CRITICAL - 2025-02-26 07:51:43 --> TypeError: App\Models\EventModel::getEvents(): Argument #1 ($userId) must be of type int, null given, called in C:\wamp64\www\mi_proyecto\app\Controllers\EventController.php on line 14
[Method: GET, Route: calendar]
in APPPATH\Models\EventModel.php on line 11.
 1 APPPATH\Controllers\EventController.php(14): App\Models\EventModel->getEvents(null)
 2 SYSTEMPATH\CodeIgniter.php(933): App\Controllers\EventController->index()
 3 SYSTEMPATH\CodeIgniter.php(507): CodeIgniter\CodeIgniter->runController(Object(App\Controllers\EventController))
 4 SYSTEMPATH\CodeIgniter.php(354): CodeIgniter\CodeIgniter->handleRequest(null, Object(Config\Cache), false)
 5 SYSTEMPATH\Boot.php(334): CodeIgniter\CodeIgniter->run()
 6 SYSTEMPATH\Boot.php(67): CodeIgniter\Boot::runCodeIgniter(Object(CodeIgniter\CodeIgniter))
 7 FCPATH\index.php(56): CodeIgniter\Boot::bootWeb(Object(Config\Paths))
CRITICAL - 2025-02-26 07:51:43 --> TypeError: App\Models\EventModel::getEvents(): Argument #1 ($userId) must be of type int, null given, called in C:\wamp64\www\mi_proyecto\app\Controllers\EventController.php on line 14
[Method: GET, Route: calendar]
in APPPATH\Models\EventModel.php on line 11.
 1 APPPATH\Controllers\EventController.php(14): App\Models\EventModel->getEvents(null)
 2 SYSTEMPATH\CodeIgniter.php(933): App\Controllers\EventController->index()
 3 SYSTEMPATH\CodeIgniter.php(507): CodeIgniter\CodeIgniter->runController(Object(App\Controllers\EventController))
 4 SYSTEMPATH\CodeIgniter.php(354): CodeIgniter\CodeIgniter->handleRequest(null, Object(Config\Cache), false)
 5 SYSTEMPATH\Boot.php(334): CodeIgniter\CodeIgniter->run()
 6 SYSTEMPATH\Boot.php(67): CodeIgniter\Boot::runCodeIgniter(Object(CodeIgniter\CodeIgniter))
 7 FCPATH\index.php(56): CodeIgniter\Boot::bootWeb(Object(Config\Paths))
CRITICAL - 2025-02-26 07:54:18 --> TypeError: App\Models\EventModel::getEvents(): Argument #1 ($userId) must be of type int, null given, called in C:\wamp64\www\mi_proyecto\app\Controllers\EventController.php on line 14
[Method: GET, Route: calendar]
in APPPATH\Models\EventModel.php on line 11.
 1 APPPATH\Controllers\EventController.php(14): App\Models\EventModel->getEvents(null)
 2 SYSTEMPATH\CodeIgniter.php(933): App\Controllers\EventController->index()
 3 SYSTEMPATH\CodeIgniter.php(507): CodeIgniter\CodeIgniter->runController(Object(App\Controllers\EventController))
 4 SYSTEMPATH\CodeIgniter.php(354): CodeIgniter\CodeIgniter->handleRequest(null, Object(Config\Cache), false)
 5 SYSTEMPATH\Boot.php(334): CodeIgniter\CodeIgniter->run()
 6 SYSTEMPATH\Boot.php(67): CodeIgniter\Boot::runCodeIgniter(Object(CodeIgniter\CodeIgniter))
 7 FCPATH\index.php(56): CodeIgniter\Boot::bootWeb(Object(Config\Paths))
CRITICAL - 2025-02-26 07:54:56 --> TypeError: App\Models\EventModel::getEvents(): Argument #1 ($userId) must be of type int, null given, called in C:\wamp64\www\mi_proyecto\app\Controllers\EventController.php on line 14
[Method: GET, Route: calendar]
in APPPATH\Models\EventModel.php on line 11.
 1 APPPATH\Controllers\EventController.php(14): App\Models\EventModel->getEvents(null)
 2 SYSTEMPATH\CodeIgniter.php(933): App\Controllers\EventController->index()
 3 SYSTEMPATH\CodeIgniter.php(507): CodeIgniter\CodeIgniter->runController(Object(App\Controllers\EventController))
 4 SYSTEMPATH\CodeIgniter.php(354): CodeIgniter\CodeIgniter->handleRequest(null, Object(Config\Cache), false)
 5 SYSTEMPATH\Boot.php(334): CodeIgniter\CodeIgniter->run()
 6 SYSTEMPATH\Boot.php(67): CodeIgniter\Boot::runCodeIgniter(Object(CodeIgniter\CodeIgniter))
 7 FCPATH\index.php(56): CodeIgniter\Boot::bootWeb(Object(Config\Paths))
CRITICAL - 2025-02-26 08:01:18 --> TypeError: App\Models\EventModel::getEvents(): Argument #1 ($userId) must be of type int, null given, called in C:\wamp64\www\mi_proyecto\app\Controllers\EventController.php on line 17
[Method: GET, Route: calendar]
in APPPATH\Models\EventModel.php on line 13.
 1 APPPATH\Controllers\EventController.php(17): App\Models\EventModel->getEvents(null)
 2 SYSTEMPATH\CodeIgniter.php(933): App\Controllers\EventController->index()
 3 SYSTEMPATH\CodeIgniter.php(507): CodeIgniter\CodeIgniter->runController(Object(App\Controllers\EventController))
 4 SYSTEMPATH\CodeIgniter.php(354): CodeIgniter\CodeIgniter->handleRequest(null, Object(Config\Cache), false)
 5 SYSTEMPATH\Boot.php(334): CodeIgniter\CodeIgniter->run()
 6 SYSTEMPATH\Boot.php(67): CodeIgniter\Boot::runCodeIgniter(Object(CodeIgniter\CodeIgniter))
 7 FCPATH\index.php(56): CodeIgniter\Boot::bootWeb(Object(Config\Paths))
CRITICAL - 2025-02-26 08:01:19 --> TypeError: App\Models\EventModel::getEvents(): Argument #1 ($userId) must be of type int, null given, called in C:\wamp64\www\mi_proyecto\app\Controllers\EventController.php on line 17
[Method: GET, Route: calendar]
in APPPATH\Models\EventModel.php on line 13.
 1 APPPATH\Controllers\EventController.php(17): App\Models\EventModel->getEvents(null)
 2 SYSTEMPATH\CodeIgniter.php(933): App\Controllers\EventController->index()
 3 SYSTEMPATH\CodeIgniter.php(507): CodeIgniter\CodeIgniter->runController(Object(App\Controllers\EventController))
 4 SYSTEMPATH\CodeIgniter.php(354): CodeIgniter\CodeIgniter->handleRequest(null, Object(Config\Cache), false)
 5 SYSTEMPATH\Boot.php(334): CodeIgniter\CodeIgniter->run()
 6 SYSTEMPATH\Boot.php(67): CodeIgniter\Boot::runCodeIgniter(Object(CodeIgniter\CodeIgniter))
 7 FCPATH\index.php(56): CodeIgniter\Boot::bootWeb(Object(Config\Paths))
CRITICAL - 2025-02-26 08:01:22 --> TypeError: App\Models\EventModel::getEvents(): Argument #1 ($userId) must be of type int, null given, called in C:\wamp64\www\mi_proyecto\app\Controllers\EventController.php on line 17
[Method: GET, Route: calendar]
in APPPATH\Models\EventModel.php on line 13.
 1 APPPATH\Controllers\EventController.php(17): App\Models\EventModel->getEvents(null)
 2 SYSTEMPATH\CodeIgniter.php(933): App\Controllers\EventController->index()
 3 SYSTEMPATH\CodeIgniter.php(507): CodeIgniter\CodeIgniter->runController(Object(App\Controllers\EventController))
 4 SYSTEMPATH\CodeIgniter.php(354): CodeIgniter\CodeIgniter->handleRequest(null, Object(Config\Cache), false)
 5 SYSTEMPATH\Boot.php(334): CodeIgniter\CodeIgniter->run()
 6 SYSTEMPATH\Boot.php(67): CodeIgniter\Boot::runCodeIgniter(Object(CodeIgniter\CodeIgniter))
 7 FCPATH\index.php(56): CodeIgniter\Boot::bootWeb(Object(Config\Paths))
CRITICAL - 2025-02-26 08:01:22 --> TypeError: App\Models\EventModel::getEvents(): Argument #1 ($userId) must be of type int, null given, called in C:\wamp64\www\mi_proyecto\app\Controllers\EventController.php on line 17
[Method: GET, Route: calendar]
in APPPATH\Models\EventModel.php on line 13.
 1 APPPATH\Controllers\EventController.php(17): App\Models\EventModel->getEvents(null)
 2 SYSTEMPATH\CodeIgniter.php(933): App\Controllers\EventController->index()
 3 SYSTEMPATH\CodeIgniter.php(507): CodeIgniter\CodeIgniter->runController(Object(App\Controllers\EventController))
 4 SYSTEMPATH\CodeIgniter.php(354): CodeIgniter\CodeIgniter->handleRequest(null, Object(Config\Cache), false)
 5 SYSTEMPATH\Boot.php(334): CodeIgniter\CodeIgniter->run()
 6 SYSTEMPATH\Boot.php(67): CodeIgniter\Boot::runCodeIgniter(Object(CodeIgniter\CodeIgniter))
 7 FCPATH\index.php(56): CodeIgniter\Boot::bootWeb(Object(Config\Paths))
CRITICAL - 2025-02-26 08:01:23 --> TypeError: App\Models\EventModel::getEvents(): Argument #1 ($userId) must be of type int, null given, called in C:\wamp64\www\mi_proyecto\app\Controllers\EventController.php on line 17
[Method: GET, Route: calendar]
in APPPATH\Models\EventModel.php on line 13.
 1 APPPATH\Controllers\EventController.php(17): App\Models\EventModel->getEvents(null)
 2 SYSTEMPATH\CodeIgniter.php(933): App\Controllers\EventController->index()
 3 SYSTEMPATH\CodeIgniter.php(507): CodeIgniter\CodeIgniter->runController(Object(App\Controllers\EventController))
 4 SYSTEMPATH\CodeIgniter.php(354): CodeIgniter\CodeIgniter->handleRequest(null, Object(Config\Cache), false)
 5 SYSTEMPATH\Boot.php(334): CodeIgniter\CodeIgniter->run()
 6 SYSTEMPATH\Boot.php(67): CodeIgniter\Boot::runCodeIgniter(Object(CodeIgniter\CodeIgniter))
 7 FCPATH\index.php(56): CodeIgniter\Boot::bootWeb(Object(Config\Paths))
CRITICAL - 2025-02-26 08:02:23 --> ArgumentCountError: Too few arguments to function App\Controllers\EventController::index(), 0 passed in C:\wamp64\www\mi_proyecto\system\CodeIgniter.php on line 933 and exactly 1 expected
[Method: GET, Route: calendar]
in APPPATH\Controllers\EventController.php on line 9.
 1 SYSTEMPATH\CodeIgniter.php(933): App\Controllers\EventController->index()
 2 SYSTEMPATH\CodeIgniter.php(507): CodeIgniter\CodeIgniter->runController(Object(App\Controllers\EventController))
 3 SYSTEMPATH\CodeIgniter.php(354): CodeIgniter\CodeIgniter->handleRequest(null, Object(Config\Cache), false)
 4 SYSTEMPATH\Boot.php(334): CodeIgniter\CodeIgniter->run()
 5 SYSTEMPATH\Boot.php(67): CodeIgniter\Boot::runCodeIgniter(Object(CodeIgniter\CodeIgniter))
 6 FCPATH\index.php(56): CodeIgniter\Boot::bootWeb(Object(Config\Paths))
CRITICAL - 2025-02-26 08:02:24 --> ArgumentCountError: Too few arguments to function App\Controllers\EventController::index(), 0 passed in C:\wamp64\www\mi_proyecto\system\CodeIgniter.php on line 933 and exactly 1 expected
[Method: GET, Route: calendar]
in APPPATH\Controllers\EventController.php on line 9.
 1 SYSTEMPATH\CodeIgniter.php(933): App\Controllers\EventController->index()
 2 SYSTEMPATH\CodeIgniter.php(507): CodeIgniter\CodeIgniter->runController(Object(App\Controllers\EventController))
 3 SYSTEMPATH\CodeIgniter.php(354): CodeIgniter\CodeIgniter->handleRequest(null, Object(Config\Cache), false)
 4 SYSTEMPATH\Boot.php(334): CodeIgniter\CodeIgniter->run()
 5 SYSTEMPATH\Boot.php(67): CodeIgniter\Boot::runCodeIgniter(Object(CodeIgniter\CodeIgniter))
 6 FCPATH\index.php(56): CodeIgniter\Boot::bootWeb(Object(Config\Paths))
CRITICAL - 2025-02-26 08:02:24 --> ArgumentCountError: Too few arguments to function App\Controllers\EventController::index(), 0 passed in C:\wamp64\www\mi_proyecto\system\CodeIgniter.php on line 933 and exactly 1 expected
[Method: GET, Route: calendar]
in APPPATH\Controllers\EventController.php on line 9.
 1 SYSTEMPATH\CodeIgniter.php(933): App\Controllers\EventController->index()
 2 SYSTEMPATH\CodeIgniter.php(507): CodeIgniter\CodeIgniter->runController(Object(App\Controllers\EventController))
 3 SYSTEMPATH\CodeIgniter.php(354): CodeIgniter\CodeIgniter->handleRequest(null, Object(Config\Cache), false)
 4 SYSTEMPATH\Boot.php(334): CodeIgniter\CodeIgniter->run()
 5 SYSTEMPATH\Boot.php(67): CodeIgniter\Boot::runCodeIgniter(Object(CodeIgniter\CodeIgniter))
 6 FCPATH\index.php(56): CodeIgniter\Boot::bootWeb(Object(Config\Paths))
CRITICAL - 2025-02-26 08:04:01 --> ArgumentCountError: Too few arguments to function App\Controllers\EventController::index(), 0 passed in C:\wamp64\www\mi_proyecto\system\CodeIgniter.php on line 933 and exactly 1 expected
[Method: GET, Route: calendar]
in APPPATH\Controllers\EventController.php on line 9.
 1 SYSTEMPATH\CodeIgniter.php(933): App\Controllers\EventController->index()
 2 SYSTEMPATH\CodeIgniter.php(507): CodeIgniter\CodeIgniter->runController(Object(App\Controllers\EventController))
 3 SYSTEMPATH\CodeIgniter.php(354): CodeIgniter\CodeIgniter->handleRequest(null, Object(Config\Cache), false)
 4 SYSTEMPATH\Boot.php(334): CodeIgniter\CodeIgniter->run()
 5 SYSTEMPATH\Boot.php(67): CodeIgniter\Boot::runCodeIgniter(Object(CodeIgniter\CodeIgniter))
 6 FCPATH\index.php(56): CodeIgniter\Boot::bootWeb(Object(Config\Paths))
CRITICAL - 2025-02-26 08:07:24 --> ArgumentCountError: Too few arguments to function App\Controllers\EventController::index(), 0 passed in C:\wamp64\www\mi_proyecto\system\CodeIgniter.php on line 933 and exactly 1 expected
[Method: GET, Route: calendar]
in APPPATH\Controllers\EventController.php on line 9.
 1 SYSTEMPATH\CodeIgniter.php(933): App\Controllers\EventController->index()
 2 SYSTEMPATH\CodeIgniter.php(507): CodeIgniter\CodeIgniter->runController(Object(App\Controllers\EventController))
 3 SYSTEMPATH\CodeIgniter.php(354): CodeIgniter\CodeIgniter->handleRequest(null, Object(Config\Cache), false)
 4 SYSTEMPATH\Boot.php(334): CodeIgniter\CodeIgniter->run()
 5 SYSTEMPATH\Boot.php(67): CodeIgniter\Boot::runCodeIgniter(Object(CodeIgniter\CodeIgniter))
 6 FCPATH\index.php(56): CodeIgniter\Boot::bootWeb(Object(Config\Paths))
CRITICAL - 2025-02-26 08:07:31 --> ArgumentCountError: Too few arguments to function App\Controllers\EventController::index(), 0 passed in C:\wamp64\www\mi_proyecto\system\CodeIgniter.php on line 933 and exactly 1 expected
[Method: GET, Route: calendar]
in APPPATH\Controllers\EventController.php on line 9.
 1 SYSTEMPATH\CodeIgniter.php(933): App\Controllers\EventController->index()
 2 SYSTEMPATH\CodeIgniter.php(507): CodeIgniter\CodeIgniter->runController(Object(App\Controllers\EventController))
 3 SYSTEMPATH\CodeIgniter.php(354): CodeIgniter\CodeIgniter->handleRequest(null, Object(Config\Cache), false)
 4 SYSTEMPATH\Boot.php(334): CodeIgniter\CodeIgniter->run()
 5 SYSTEMPATH\Boot.php(67): CodeIgniter\Boot::runCodeIgniter(Object(CodeIgniter\CodeIgniter))
 6 FCPATH\index.php(56): CodeIgniter\Boot::bootWeb(Object(Config\Paths))
CRITICAL - 2025-02-26 08:26:39 --> CodeIgniter\Exceptions\BadMethodCallException: Call to undefined method App\Models\UserModel::findByEmail
[Method: POST, Route: login/process]
in SYSTEMPATH\Model.php on line 930.
 1 APPPATH\Controllers\AuthController.php(99): CodeIgniter\Model->__call('findByEmail', [...])
 2 SYSTEMPATH\CodeIgniter.php(933): App\Controllers\AuthController->loginProcess()
 3 SYSTEMPATH\CodeIgniter.php(507): CodeIgniter\CodeIgniter->runController(Object(App\Controllers\AuthController))
 4 SYSTEMPATH\CodeIgniter.php(354): CodeIgniter\CodeIgniter->handleRequest(null, Object(Config\Cache), false)
 5 SYSTEMPATH\Boot.php(334): CodeIgniter\CodeIgniter->run()
 6 SYSTEMPATH\Boot.php(67): CodeIgniter\Boot::runCodeIgniter(Object(CodeIgniter\CodeIgniter))
 7 FCPATH\index.php(56): CodeIgniter\Boot::bootWeb(Object(Config\Paths))
CRITICAL - 2025-02-26 08:50:21 --> ArgumentCountError: Too few arguments to function App\Controllers\EventController::index(), 0 passed in C:\wamp64\www\mi_proyecto\system\CodeIgniter.php on line 933 and exactly 1 expected
[Method: GET, Route: calendar]
in APPPATH\Controllers\EventController.php on line 9.
 1 SYSTEMPATH\CodeIgniter.php(933): App\Controllers\EventController->index()
 2 SYSTEMPATH\CodeIgniter.php(507): CodeIgniter\CodeIgniter->runController(Object(App\Controllers\EventController))
 3 SYSTEMPATH\CodeIgniter.php(354): CodeIgniter\CodeIgniter->handleRequest(null, Object(Config\Cache), false)
 4 SYSTEMPATH\Boot.php(334): CodeIgniter\CodeIgniter->run()
 5 SYSTEMPATH\Boot.php(67): CodeIgniter\Boot::runCodeIgniter(Object(CodeIgniter\CodeIgniter))
 6 FCPATH\index.php(56): CodeIgniter\Boot::bootWeb(Object(Config\Paths))
CRITICAL - 2025-02-26 09:03:00 --> ArgumentCountError: Too few arguments to function App\Controllers\EventController::index(), 0 passed in C:\wamp64\www\mi_proyecto\system\CodeIgniter.php on line 933 and exactly 1 expected
[Method: GET, Route: calendar]
in APPPATH\Controllers\EventController.php on line 9.
 1 SYSTEMPATH\CodeIgniter.php(933): App\Controllers\EventController->index()
 2 SYSTEMPATH\CodeIgniter.php(507): CodeIgniter\CodeIgniter->runController(Object(App\Controllers\EventController))
 3 SYSTEMPATH\CodeIgniter.php(354): CodeIgniter\CodeIgniter->handleRequest(null, Object(Config\Cache), false)
 4 SYSTEMPATH\Boot.php(334): CodeIgniter\CodeIgniter->run()
 5 SYSTEMPATH\Boot.php(67): CodeIgniter\Boot::runCodeIgniter(Object(CodeIgniter\CodeIgniter))
 6 FCPATH\index.php(56): CodeIgniter\Boot::bootWeb(Object(Config\Paths))
CRITICAL - 2025-02-26 09:10:08 --> ArgumentCountError: Too few arguments to function App\Controllers\EventController::index(), 0 passed in C:\wamp64\www\mi_proyecto\system\CodeIgniter.php on line 933 and exactly 1 expected
[Method: GET, Route: calendar]
in APPPATH\Controllers\EventController.php on line 9.
 1 SYSTEMPATH\CodeIgniter.php(933): App\Controllers\EventController->index()
 2 SYSTEMPATH\CodeIgniter.php(507): CodeIgniter\CodeIgniter->runController(Object(App\Controllers\EventController))
 3 SYSTEMPATH\CodeIgniter.php(354): CodeIgniter\CodeIgniter->handleRequest(null, Object(Config\Cache), false)
 4 SYSTEMPATH\Boot.php(334): CodeIgniter\CodeIgniter->run()
 5 SYSTEMPATH\Boot.php(67): CodeIgniter\Boot::runCodeIgniter(Object(CodeIgniter\CodeIgniter))
 6 FCPATH\index.php(56): CodeIgniter\Boot::bootWeb(Object(Config\Paths))
CRITICAL - 2025-02-26 11:39:16 --> TypeError: CodeIgniter\Database\BaseBuilder::setBind(): Argument #1 ($key) must be of type string, int given, called in C:\wamp64\www\mi_proyecto\system\Database\BaseBuilder.php on line 1575
[Method: POST, Route: feedback/save]
in SYSTEMPATH\Database\BaseBuilder.php on line 3523.
 1 SYSTEMPATH\Database\BaseBuilder.php(1575): CodeIgniter\Database\BaseBuilder->setBind(0, '2025-02-26 11:39:16', true)
 2 SYSTEMPATH\Model.php(365): CodeIgniter\Database\BaseBuilder->set([...], '2025-02-26 11:39:16', true)
 3 SYSTEMPATH\BaseModel.php(839): CodeIgniter\Model->doInsert([...])
 4 SYSTEMPATH\Model.php(800): CodeIgniter\BaseModel->insert([...], true)
 5 APPPATH\Controllers\FeedbackController.php(94): CodeIgniter\Model->insert([...])
 6 SYSTEMPATH\CodeIgniter.php(933): App\Controllers\FeedbackController->saveFeedback()
 7 SYSTEMPATH\CodeIgniter.php(507): CodeIgniter\CodeIgniter->runController(Object(App\Controllers\FeedbackController))
 8 SYSTEMPATH\CodeIgniter.php(354): CodeIgniter\CodeIgniter->handleRequest(null, Object(Config\Cache), false)
 9 SYSTEMPATH\Boot.php(334): CodeIgniter\CodeIgniter->run()
10 SYSTEMPATH\Boot.php(67): CodeIgniter\Boot::runCodeIgniter(Object(CodeIgniter\CodeIgniter))
11 FCPATH\index.php(56): CodeIgniter\Boot::bootWeb(Object(Config\Paths))
CRITICAL - 2025-02-26 11:39:28 --> TypeError: CodeIgniter\Database\BaseBuilder::setBind(): Argument #1 ($key) must be of type string, int given, called in C:\wamp64\www\mi_proyecto\system\Database\BaseBuilder.php on line 1575
[Method: POST, Route: feedback/save]
in SYSTEMPATH\Database\BaseBuilder.php on line 3523.
 1 SYSTEMPATH\Database\BaseBuilder.php(1575): CodeIgniter\Database\BaseBuilder->setBind(0, '2025-02-26 11:39:28', true)
 2 SYSTEMPATH\Model.php(365): CodeIgniter\Database\BaseBuilder->set([...], '2025-02-26 11:39:28', true)
 3 SYSTEMPATH\BaseModel.php(839): CodeIgniter\Model->doInsert([...])
 4 SYSTEMPATH\Model.php(800): CodeIgniter\BaseModel->insert([...], true)
 5 APPPATH\Controllers\FeedbackController.php(95): CodeIgniter\Model->insert([...])
 6 SYSTEMPATH\CodeIgniter.php(933): App\Controllers\FeedbackController->saveFeedback()
 7 SYSTEMPATH\CodeIgniter.php(507): CodeIgniter\CodeIgniter->runController(Object(App\Controllers\FeedbackController))
 8 SYSTEMPATH\CodeIgniter.php(354): CodeIgniter\CodeIgniter->handleRequest(null, Object(Config\Cache), false)
 9 SYSTEMPATH\Boot.php(334): CodeIgniter\CodeIgniter->run()
10 SYSTEMPATH\Boot.php(67): CodeIgniter\Boot::runCodeIgniter(Object(CodeIgniter\CodeIgniter))
11 FCPATH\index.php(56): CodeIgniter\Boot::bootWeb(Object(Config\Paths))
CRITICAL - 2025-02-26 11:42:44 --> TypeError: CodeIgniter\Database\BaseBuilder::setBind(): Argument #1 ($key) must be of type string, int given, called in C:\wamp64\www\mi_proyecto\system\Database\BaseBuilder.php on line 1575
[Method: POST, Route: feedback/save]
in SYSTEMPATH\Database\BaseBuilder.php on line 3523.
 1 SYSTEMPATH\Database\BaseBuilder.php(1575): CodeIgniter\Database\BaseBuilder->setBind(0, '2025-02-26 11:42:44', true)
 2 SYSTEMPATH\Model.php(365): CodeIgniter\Database\BaseBuilder->set([...], '2025-02-26 11:42:44', true)
 3 SYSTEMPATH\BaseModel.php(839): CodeIgniter\Model->doInsert([...])
 4 SYSTEMPATH\Model.php(800): CodeIgniter\BaseModel->insert([...], true)
 5 APPPATH\Controllers\FeedbackController.php(106): CodeIgniter\Model->insert([...])
 6 SYSTEMPATH\CodeIgniter.php(933): App\Controllers\FeedbackController->saveFeedback()
 7 SYSTEMPATH\CodeIgniter.php(507): CodeIgniter\CodeIgniter->runController(Object(App\Controllers\FeedbackController))
 8 SYSTEMPATH\CodeIgniter.php(354): CodeIgniter\CodeIgniter->handleRequest(null, Object(Config\Cache), false)
 9 SYSTEMPATH\Boot.php(334): CodeIgniter\CodeIgniter->run()
10 SYSTEMPATH\Boot.php(67): CodeIgniter\Boot::runCodeIgniter(Object(CodeIgniter\CodeIgniter))
11 FCPATH\index.php(56): CodeIgniter\Boot::bootWeb(Object(Config\Paths))
CRITICAL - 2025-02-26 11:43:00 --> TypeError: CodeIgniter\Database\BaseBuilder::setBind(): Argument #1 ($key) must be of type string, int given, called in C:\wamp64\www\mi_proyecto\system\Database\BaseBuilder.php on line 1575
[Method: POST, Route: feedback/save]
in SYSTEMPATH\Database\BaseBuilder.php on line 3523.
 1 SYSTEMPATH\Database\BaseBuilder.php(1575): CodeIgniter\Database\BaseBuilder->setBind(0, '2025-02-26 11:43:00', true)
 2 SYSTEMPATH\Model.php(365): CodeIgniter\Database\BaseBuilder->set([...], '2025-02-26 11:43:00', true)
 3 SYSTEMPATH\BaseModel.php(839): CodeIgniter\Model->doInsert([...])
 4 SYSTEMPATH\Model.php(800): CodeIgniter\BaseModel->insert([...], true)
 5 APPPATH\Controllers\FeedbackController.php(106): CodeIgniter\Model->insert([...])
 6 SYSTEMPATH\CodeIgniter.php(933): App\Controllers\FeedbackController->saveFeedback()
 7 SYSTEMPATH\CodeIgniter.php(507): CodeIgniter\CodeIgniter->runController(Object(App\Controllers\FeedbackController))
 8 SYSTEMPATH\CodeIgniter.php(354): CodeIgniter\CodeIgniter->handleRequest(null, Object(Config\Cache), false)
 9 SYSTEMPATH\Boot.php(334): CodeIgniter\CodeIgniter->run()
10 SYSTEMPATH\Boot.php(67): CodeIgniter\Boot::runCodeIgniter(Object(CodeIgniter\CodeIgniter))
11 FCPATH\index.php(56): CodeIgniter\Boot::bootWeb(Object(Config\Paths))
CRITICAL - 2025-02-26 11:43:07 --> TypeError: CodeIgniter\Database\BaseBuilder::setBind(): Argument #1 ($key) must be of type string, int given, called in C:\wamp64\www\mi_proyecto\system\Database\BaseBuilder.php on line 1575
[Method: POST, Route: feedback/save]
in SYSTEMPATH\Database\BaseBuilder.php on line 3523.
 1 SYSTEMPATH\Database\BaseBuilder.php(1575): CodeIgniter\Database\BaseBuilder->setBind(0, '2025-02-26 11:43:07', true)
 2 SYSTEMPATH\Model.php(365): CodeIgniter\Database\BaseBuilder->set([...], '2025-02-26 11:43:07', true)
 3 SYSTEMPATH\BaseModel.php(839): CodeIgniter\Model->doInsert([...])
 4 SYSTEMPATH\Model.php(800): CodeIgniter\BaseModel->insert([...], true)
 5 APPPATH\Controllers\FeedbackController.php(106): CodeIgniter\Model->insert([...])
 6 SYSTEMPATH\CodeIgniter.php(933): App\Controllers\FeedbackController->saveFeedback()
 7 SYSTEMPATH\CodeIgniter.php(507): CodeIgniter\CodeIgniter->runController(Object(App\Controllers\FeedbackController))
 8 SYSTEMPATH\CodeIgniter.php(354): CodeIgniter\CodeIgniter->handleRequest(null, Object(Config\Cache), false)
 9 SYSTEMPATH\Boot.php(334): CodeIgniter\CodeIgniter->run()
10 SYSTEMPATH\Boot.php(67): CodeIgniter\Boot::runCodeIgniter(Object(CodeIgniter\CodeIgniter))
11 FCPATH\index.php(56): CodeIgniter\Boot::bootWeb(Object(Config\Paths))
CRITICAL - 2025-02-26 11:44:07 --> TypeError: CodeIgniter\Database\BaseBuilder::setBind(): Argument #1 ($key) must be of type string, int given, called in C:\wamp64\www\mi_proyecto\system\Database\BaseBuilder.php on line 1575
[Method: POST, Route: feedback/save]
in SYSTEMPATH\Database\BaseBuilder.php on line 3523.
 1 SYSTEMPATH\Database\BaseBuilder.php(1575): CodeIgniter\Database\BaseBuilder->setBind(0, '2025-02-26 11:44:07', true)
 2 SYSTEMPATH\Model.php(365): CodeIgniter\Database\BaseBuilder->set([...], '2025-02-26 11:44:07', true)
 3 SYSTEMPATH\BaseModel.php(839): CodeIgniter\Model->doInsert([...])
 4 SYSTEMPATH\Model.php(800): CodeIgniter\BaseModel->insert([...], true)
 5 APPPATH\Controllers\FeedbackController.php(97): CodeIgniter\Model->insert([...])
 6 SYSTEMPATH\CodeIgniter.php(933): App\Controllers\FeedbackController->saveFeedback()
 7 SYSTEMPATH\CodeIgniter.php(507): CodeIgniter\CodeIgniter->runController(Object(App\Controllers\FeedbackController))
 8 SYSTEMPATH\CodeIgniter.php(354): CodeIgniter\CodeIgniter->handleRequest(null, Object(Config\Cache), false)
 9 SYSTEMPATH\Boot.php(334): CodeIgniter\CodeIgniter->run()
10 SYSTEMPATH\Boot.php(67): CodeIgniter\Boot::runCodeIgniter(Object(CodeIgniter\CodeIgniter))
11 FCPATH\index.php(56): CodeIgniter\Boot::bootWeb(Object(Config\Paths))
CRITICAL - 2025-02-26 11:48:43 --> TypeError: CodeIgniter\Database\BaseBuilder::setBind(): Argument #1 ($key) must be of type string, int given, called in C:\wamp64\www\mi_proyecto\system\Database\BaseBuilder.php on line 1575
[Method: POST, Route: feedback/save]
in SYSTEMPATH\Database\BaseBuilder.php on line 3523.
 1 SYSTEMPATH\Database\BaseBuilder.php(1575): CodeIgniter\Database\BaseBuilder->setBind(0, '2025-02-26 11:48:43', true)
 2 SYSTEMPATH\Model.php(365): CodeIgniter\Database\BaseBuilder->set([...], '2025-02-26 11:48:43', true)
 3 SYSTEMPATH\BaseModel.php(839): CodeIgniter\Model->doInsert([...])
 4 SYSTEMPATH\Model.php(800): CodeIgniter\BaseModel->insert([...], true)
 5 APPPATH\Controllers\FeedbackController.php(97): CodeIgniter\Model->insert([...])
 6 SYSTEMPATH\CodeIgniter.php(933): App\Controllers\FeedbackController->saveFeedback()
 7 SYSTEMPATH\CodeIgniter.php(507): CodeIgniter\CodeIgniter->runController(Object(App\Controllers\FeedbackController))
 8 SYSTEMPATH\CodeIgniter.php(354): CodeIgniter\CodeIgniter->handleRequest(null, Object(Config\Cache), false)
 9 SYSTEMPATH\Boot.php(334): CodeIgniter\CodeIgniter->run()
10 SYSTEMPATH\Boot.php(67): CodeIgniter\Boot::runCodeIgniter(Object(CodeIgniter\CodeIgniter))
11 FCPATH\index.php(56): CodeIgniter\Boot::bootWeb(Object(Config\Paths))
CRITICAL - 2025-02-26 11:51:56 --> TypeError: CodeIgniter\Database\BaseBuilder::setBind(): Argument #1 ($key) must be of type string, int given, called in C:\wamp64\www\mi_proyecto\system\Database\BaseBuilder.php on line 1575
[Method: POST, Route: feedback/save]
in SYSTEMPATH\Database\BaseBuilder.php on line 3523.
 1 SYSTEMPATH\Database\BaseBuilder.php(1575): CodeIgniter\Database\BaseBuilder->setBind(0, '2025-02-26 11:51:56', true)
 2 SYSTEMPATH\Model.php(365): CodeIgniter\Database\BaseBuilder->set([...], '2025-02-26 11:51:56', true)
 3 SYSTEMPATH\BaseModel.php(839): CodeIgniter\Model->doInsert([...])
 4 SYSTEMPATH\Model.php(800): CodeIgniter\BaseModel->insert([...], true)
 5 APPPATH\Controllers\FeedbackController.php(95): CodeIgniter\Model->insert([...])
 6 SYSTEMPATH\CodeIgniter.php(933): App\Controllers\FeedbackController->saveFeedback()
 7 SYSTEMPATH\CodeIgniter.php(507): CodeIgniter\CodeIgniter->runController(Object(App\Controllers\FeedbackController))
 8 SYSTEMPATH\CodeIgniter.php(354): CodeIgniter\CodeIgniter->handleRequest(null, Object(Config\Cache), false)
 9 SYSTEMPATH\Boot.php(334): CodeIgniter\CodeIgniter->run()
10 SYSTEMPATH\Boot.php(67): CodeIgniter\Boot::runCodeIgniter(Object(CodeIgniter\CodeIgniter))
11 FCPATH\index.php(56): CodeIgniter\Boot::bootWeb(Object(Config\Paths))
CRITICAL - 2025-02-26 11:59:41 --> TypeError: CodeIgniter\Database\BaseBuilder::setBind(): Argument #1 ($key) must be of type string, int given, called in C:\wamp64\www\mi_proyecto\system\Database\BaseBuilder.php on line 1575
[Method: POST, Route: feedback/save]
in SYSTEMPATH\Database\BaseBuilder.php on line 3523.
 1 SYSTEMPATH\Database\BaseBuilder.php(1575): CodeIgniter\Database\BaseBuilder->setBind(0, '2025-02-26 11:59:41', true)
 2 SYSTEMPATH\Model.php(365): CodeIgniter\Database\BaseBuilder->set([...], '2025-02-26 11:59:41', true)
 3 SYSTEMPATH\BaseModel.php(839): CodeIgniter\Model->doInsert([...])
 4 SYSTEMPATH\Model.php(800): CodeIgniter\BaseModel->insert([...], true)
 5 APPPATH\Controllers\FeedbackController.php(95): CodeIgniter\Model->insert([...])
 6 SYSTEMPATH\CodeIgniter.php(933): App\Controllers\FeedbackController->saveFeedback()
 7 SYSTEMPATH\CodeIgniter.php(507): CodeIgniter\CodeIgniter->runController(Object(App\Controllers\FeedbackController))
 8 SYSTEMPATH\CodeIgniter.php(354): CodeIgniter\CodeIgniter->handleRequest(null, Object(Config\Cache), false)
 9 SYSTEMPATH\Boot.php(334): CodeIgniter\CodeIgniter->run()
10 SYSTEMPATH\Boot.php(67): CodeIgniter\Boot::runCodeIgniter(Object(CodeIgniter\CodeIgniter))
11 FCPATH\index.php(56): CodeIgniter\Boot::bootWeb(Object(Config\Paths))
CRITICAL - 2025-02-26 12:06:16 --> TypeError: CodeIgniter\Database\BaseBuilder::setBind(): Argument #1 ($key) must be of type string, int given, called in C:\wamp64\www\mi_proyecto\system\Database\BaseBuilder.php on line 1575
[Method: POST, Route: feedback/save/17]
in SYSTEMPATH\Database\BaseBuilder.php on line 3523.
 1 SYSTEMPATH\Database\BaseBuilder.php(1575): CodeIgniter\Database\BaseBuilder->setBind(0, '2025-02-26 12:06:16', true)
 2 SYSTEMPATH\Model.php(452): CodeIgniter\Database\BaseBuilder->set([...], '2025-02-26 12:06:16', true)
 3 SYSTEMPATH\BaseModel.php(1027): CodeIgniter\Model->doUpdate([...], [...])
 4 SYSTEMPATH\Model.php(863): CodeIgniter\BaseModel->update([...], [...])
 5 APPPATH\Controllers\FeedbackController.php(92): CodeIgniter\Model->update('17', [...])
 6 SYSTEMPATH\CodeIgniter.php(933): App\Controllers\FeedbackController->saveFeedback('17')
 7 SYSTEMPATH\CodeIgniter.php(507): CodeIgniter\CodeIgniter->runController(Object(App\Controllers\FeedbackController))
 8 SYSTEMPATH\CodeIgniter.php(354): CodeIgniter\CodeIgniter->handleRequest(null, Object(Config\Cache), false)
 9 SYSTEMPATH\Boot.php(334): CodeIgniter\CodeIgniter->run()
10 SYSTEMPATH\Boot.php(67): CodeIgniter\Boot::runCodeIgniter(Object(CodeIgniter\CodeIgniter))
11 FCPATH\index.php(56): CodeIgniter\Boot::bootWeb(Object(Config\Paths))
CRITICAL - 2025-02-26 12:08:40 --> TypeError: CodeIgniter\Database\BaseBuilder::setBind(): Argument #1 ($key) must be of type string, int given, called in C:\wamp64\www\mi_proyecto\system\Database\BaseBuilder.php on line 1575
[Method: POST, Route: feedback/save/17]
in SYSTEMPATH\Database\BaseBuilder.php on line 3523.
 1 SYSTEMPATH\Database\BaseBuilder.php(1575): CodeIgniter\Database\BaseBuilder->setBind(0, '2025-02-26 12:08:40', true)
 2 SYSTEMPATH\Model.php(452): CodeIgniter\Database\BaseBuilder->set([...], '2025-02-26 12:08:40', true)
 3 SYSTEMPATH\BaseModel.php(1027): CodeIgniter\Model->doUpdate([...], [...])
 4 SYSTEMPATH\Model.php(863): CodeIgniter\BaseModel->update([...], [...])
 5 APPPATH\Controllers\FeedbackController.php(95): CodeIgniter\Model->update('17', [...])
 6 SYSTEMPATH\CodeIgniter.php(933): App\Controllers\FeedbackController->saveFeedback('17')
 7 SYSTEMPATH\CodeIgniter.php(507): CodeIgniter\CodeIgniter->runController(Object(App\Controllers\FeedbackController))
 8 SYSTEMPATH\CodeIgniter.php(354): CodeIgniter\CodeIgniter->handleRequest(null, Object(Config\Cache), false)
 9 SYSTEMPATH\Boot.php(334): CodeIgniter\CodeIgniter->run()
10 SYSTEMPATH\Boot.php(67): CodeIgniter\Boot::runCodeIgniter(Object(CodeIgniter\CodeIgniter))
11 FCPATH\index.php(56): CodeIgniter\Boot::bootWeb(Object(Config\Paths))
CRITICAL - 2025-02-26 12:12:14 --> TypeError: CodeIgniter\Database\BaseBuilder::setBind(): Argument #1 ($key) must be of type string, int given, called in C:\wamp64\www\mi_proyecto\system\Database\BaseBuilder.php on line 1575
[Method: POST, Route: feedback/save/17]
in SYSTEMPATH\Database\BaseBuilder.php on line 3523.
 1 SYSTEMPATH\Database\BaseBuilder.php(1575): CodeIgniter\Database\BaseBuilder->setBind(0, '2025-02-26 12:12:14', true)
 2 SYSTEMPATH\Model.php(452): CodeIgniter\Database\BaseBuilder->set([...], '2025-02-26 12:12:14', true)
 3 SYSTEMPATH\BaseModel.php(1027): CodeIgniter\Model->doUpdate([...], [...])
 4 SYSTEMPATH\Model.php(863): CodeIgniter\BaseModel->update([...], [...])
 5 APPPATH\Controllers\FeedbackController.php(92): CodeIgniter\Model->update('17', [...])
 6 SYSTEMPATH\CodeIgniter.php(933): App\Controllers\FeedbackController->saveFeedback('17')
 7 SYSTEMPATH\CodeIgniter.php(507): CodeIgniter\CodeIgniter->runController(Object(App\Controllers\FeedbackController))
 8 SYSTEMPATH\CodeIgniter.php(354): CodeIgniter\CodeIgniter->handleRequest(null, Object(Config\Cache), false)
 9 SYSTEMPATH\Boot.php(334): CodeIgniter\CodeIgniter->run()
10 SYSTEMPATH\Boot.php(67): CodeIgniter\Boot::runCodeIgniter(Object(CodeIgniter\CodeIgniter))
11 FCPATH\index.php(56): CodeIgniter\Boot::bootWeb(Object(Config\Paths))
CRITICAL - 2025-02-26 12:13:01 --> TypeError: CodeIgniter\Database\BaseBuilder::setBind(): Argument #1 ($key) must be of type string, int given, called in C:\wamp64\www\mi_proyecto\system\Database\BaseBuilder.php on line 1575
[Method: POST, Route: feedback/save/17]
in SYSTEMPATH\Database\BaseBuilder.php on line 3523.
 1 SYSTEMPATH\Database\BaseBuilder.php(1575): CodeIgniter\Database\BaseBuilder->setBind(0, '2025-02-26 12:13:01', true)
 2 SYSTEMPATH\Model.php(452): CodeIgniter\Database\BaseBuilder->set([...], '2025-02-26 12:13:01', true)
 3 SYSTEMPATH\BaseModel.php(1027): CodeIgniter\Model->doUpdate([...], [...])
 4 SYSTEMPATH\Model.php(863): CodeIgniter\BaseModel->update([...], [...])
 5 APPPATH\Controllers\FeedbackController.php(92): CodeIgniter\Model->update('17', [...])
 6 SYSTEMPATH\CodeIgniter.php(933): App\Controllers\FeedbackController->saveFeedback('17')
 7 SYSTEMPATH\CodeIgniter.php(507): CodeIgniter\CodeIgniter->runController(Object(App\Controllers\FeedbackController))
 8 SYSTEMPATH\CodeIgniter.php(354): CodeIgniter\CodeIgniter->handleRequest(null, Object(Config\Cache), false)
 9 SYSTEMPATH\Boot.php(334): CodeIgniter\CodeIgniter->run()
10 SYSTEMPATH\Boot.php(67): CodeIgniter\Boot::runCodeIgniter(Object(CodeIgniter\CodeIgniter))
11 FCPATH\index.php(56): CodeIgniter\Boot::bootWeb(Object(Config\Paths))
CRITICAL - 2025-02-26 12:14:33 --> TypeError: CodeIgniter\Database\BaseBuilder::setBind(): Argument #1 ($key) must be of type string, int given, called in C:\wamp64\www\mi_proyecto\system\Database\BaseBuilder.php on line 1575
[Method: POST, Route: feedback/save/17]
in SYSTEMPATH\Database\BaseBuilder.php on line 3523.
 1 SYSTEMPATH\Database\BaseBuilder.php(1575): CodeIgniter\Database\BaseBuilder->setBind(0, '2025-02-26 12:14:33', true)
 2 SYSTEMPATH\Model.php(452): CodeIgniter\Database\BaseBuilder->set([...], '2025-02-26 12:14:33', true)
 3 SYSTEMPATH\BaseModel.php(1027): CodeIgniter\Model->doUpdate([...], [...])
 4 SYSTEMPATH\Model.php(863): CodeIgniter\BaseModel->update([...], [...])
 5 APPPATH\Controllers\FeedbackController.php(92): CodeIgniter\Model->update('17', [...])
 6 SYSTEMPATH\CodeIgniter.php(933): App\Controllers\FeedbackController->saveFeedback('17')
 7 SYSTEMPATH\CodeIgniter.php(507): CodeIgniter\CodeIgniter->runController(Object(App\Controllers\FeedbackController))
 8 SYSTEMPATH\CodeIgniter.php(354): CodeIgniter\CodeIgniter->handleRequest(null, Object(Config\Cache), false)
 9 SYSTEMPATH\Boot.php(334): CodeIgniter\CodeIgniter->run()
10 SYSTEMPATH\Boot.php(67): CodeIgniter\Boot::runCodeIgniter(Object(CodeIgniter\CodeIgniter))
11 FCPATH\index.php(56): CodeIgniter\Boot::bootWeb(Object(Config\Paths))
CRITICAL - 2025-02-26 12:16:30 --> TypeError: CodeIgniter\Database\BaseBuilder::setBind(): Argument #1 ($key) must be of type string, int given, called in C:\wamp64\www\mi_proyecto\system\Database\BaseBuilder.php on line 1575
[Method: POST, Route: feedback/save]
in SYSTEMPATH\Database\BaseBuilder.php on line 3523.
 1 SYSTEMPATH\Database\BaseBuilder.php(1575): CodeIgniter\Database\BaseBuilder->setBind(0, '2025-02-26 12:16:30', true)
 2 SYSTEMPATH\Model.php(365): CodeIgniter\Database\BaseBuilder->set([...], '2025-02-26 12:16:30', true)
 3 SYSTEMPATH\BaseModel.php(839): CodeIgniter\Model->doInsert([...])
 4 SYSTEMPATH\Model.php(800): CodeIgniter\BaseModel->insert([...], true)
 5 APPPATH\Controllers\FeedbackController.php(99): CodeIgniter\Model->insert([...])
 6 SYSTEMPATH\CodeIgniter.php(933): App\Controllers\FeedbackController->saveFeedback()
 7 SYSTEMPATH\CodeIgniter.php(507): CodeIgniter\CodeIgniter->runController(Object(App\Controllers\FeedbackController))
 8 SYSTEMPATH\CodeIgniter.php(354): CodeIgniter\CodeIgniter->handleRequest(null, Object(Config\Cache), false)
 9 SYSTEMPATH\Boot.php(334): CodeIgniter\CodeIgniter->run()
10 SYSTEMPATH\Boot.php(67): CodeIgniter\Boot::runCodeIgniter(Object(CodeIgniter\CodeIgniter))
11 FCPATH\index.php(56): CodeIgniter\Boot::bootWeb(Object(Config\Paths))
CRITICAL - 2025-02-26 12:16:38 --> TypeError: CodeIgniter\Database\BaseBuilder::setBind(): Argument #1 ($key) must be of type string, int given, called in C:\wamp64\www\mi_proyecto\system\Database\BaseBuilder.php on line 1575
[Method: POST, Route: feedback/save/17]
in SYSTEMPATH\Database\BaseBuilder.php on line 3523.
 1 SYSTEMPATH\Database\BaseBuilder.php(1575): CodeIgniter\Database\BaseBuilder->setBind(0, '2025-02-26 12:16:38', true)
 2 SYSTEMPATH\Model.php(452): CodeIgniter\Database\BaseBuilder->set([...], '2025-02-26 12:16:38', true)
 3 SYSTEMPATH\BaseModel.php(1027): CodeIgniter\Model->doUpdate([...], [...])
 4 SYSTEMPATH\Model.php(863): CodeIgniter\BaseModel->update([...], [...])
 5 APPPATH\Controllers\FeedbackController.php(96): CodeIgniter\Model->update('17', [...])
 6 SYSTEMPATH\CodeIgniter.php(933): App\Controllers\FeedbackController->saveFeedback('17')
 7 SYSTEMPATH\CodeIgniter.php(507): CodeIgniter\CodeIgniter->runController(Object(App\Controllers\FeedbackController))
 8 SYSTEMPATH\CodeIgniter.php(354): CodeIgniter\CodeIgniter->handleRequest(null, Object(Config\Cache), false)
 9 SYSTEMPATH\Boot.php(334): CodeIgniter\CodeIgniter->run()
10 SYSTEMPATH\Boot.php(67): CodeIgniter\Boot::runCodeIgniter(Object(CodeIgniter\CodeIgniter))
11 FCPATH\index.php(56): CodeIgniter\Boot::bootWeb(Object(Config\Paths))
CRITICAL - 2025-02-26 12:17:52 --> TypeError: CodeIgniter\Database\BaseBuilder::setBind(): Argument #1 ($key) must be of type string, int given, called in C:\wamp64\www\mi_proyecto\system\Database\BaseBuilder.php on line 1575
[Method: POST, Route: feedback/save/17]
in SYSTEMPATH\Database\BaseBuilder.php on line 3523.
 1 SYSTEMPATH\Database\BaseBuilder.php(1575): CodeIgniter\Database\BaseBuilder->setBind(0, '2025-02-26 12:17:52', true)
 2 SYSTEMPATH\Model.php(452): CodeIgniter\Database\BaseBuilder->set([...], '2025-02-26 12:17:52', true)
 3 SYSTEMPATH\BaseModel.php(1027): CodeIgniter\Model->doUpdate([...], [...])
 4 SYSTEMPATH\Model.php(863): CodeIgniter\BaseModel->update([...], [...])
 5 APPPATH\Controllers\FeedbackController.php(102): CodeIgniter\Model->update('17', [...])
 6 SYSTEMPATH\CodeIgniter.php(933): App\Controllers\FeedbackController->saveFeedback('17')
 7 SYSTEMPATH\CodeIgniter.php(507): CodeIgniter\CodeIgniter->runController(Object(App\Controllers\FeedbackController))
 8 SYSTEMPATH\CodeIgniter.php(354): CodeIgniter\CodeIgniter->handleRequest(null, Object(Config\Cache), false)
 9 SYSTEMPATH\Boot.php(334): CodeIgniter\CodeIgniter->run()
10 SYSTEMPATH\Boot.php(67): CodeIgniter\Boot::runCodeIgniter(Object(CodeIgniter\CodeIgniter))
11 FCPATH\index.php(56): CodeIgniter\Boot::bootWeb(Object(Config\Paths))
CRITICAL - 2025-02-26 12:18:31 --> TypeError: CodeIgniter\Database\BaseBuilder::setBind(): Argument #1 ($key) must be of type string, int given, called in C:\wamp64\www\mi_proyecto\system\Database\BaseBuilder.php on line 1575
[Method: POST, Route: feedback/save/17]
in SYSTEMPATH\Database\BaseBuilder.php on line 3523.
 1 SYSTEMPATH\Database\BaseBuilder.php(1575): CodeIgniter\Database\BaseBuilder->setBind(0, '2025-02-26 12:18:31', true)
 2 SYSTEMPATH\Model.php(452): CodeIgniter\Database\BaseBuilder->set([...], '2025-02-26 12:18:31', true)
 3 SYSTEMPATH\BaseModel.php(1027): CodeIgniter\Model->doUpdate([...], [...])
 4 SYSTEMPATH\Model.php(863): CodeIgniter\BaseModel->update([...], [...])
 5 APPPATH\Controllers\FeedbackController.php(92): CodeIgniter\Model->update('17', [...])
 6 SYSTEMPATH\CodeIgniter.php(933): App\Controllers\FeedbackController->saveFeedback('17')
 7 SYSTEMPATH\CodeIgniter.php(507): CodeIgniter\CodeIgniter->runController(Object(App\Controllers\FeedbackController))
 8 SYSTEMPATH\CodeIgniter.php(354): CodeIgniter\CodeIgniter->handleRequest(null, Object(Config\Cache), false)
 9 SYSTEMPATH\Boot.php(334): CodeIgniter\CodeIgniter->run()
10 SYSTEMPATH\Boot.php(67): CodeIgniter\Boot::runCodeIgniter(Object(CodeIgniter\CodeIgniter))
11 FCPATH\index.php(56): CodeIgniter\Boot::bootWeb(Object(Config\Paths))
