ERROR - 2025-02-18 07:17:41 --> Error connecting to the database: mysqli_sql_exception: Access denied for user 'root'@'localhost' (using password: NO) in C:\wamp64\www\mi_proyecto\system\Database\MySQLi\Connection.php:201
Stack trace:
#0 C:\wamp64\www\mi_proyecto\system\Database\MySQLi\Connection.php(201): mysqli->real_connect('localhost', 'root', Object(SensitiveParameterValue), 'roast_coffe', 3306, '', 0)
#1 C:\wamp64\www\mi_proyecto\system\Database\BaseConnection.php(421): CodeIgniter\Database\MySQLi\Connection->connect(false)
#2 C:\wamp64\www\mi_proyecto\system\Database\BaseConnection.php(620): CodeIgniter\Database\BaseConnection->initialize()
#3 C:\wamp64\www\mi_proyecto\system\Database\BaseBuilder.php(1733): CodeIgniter\Database\BaseConnection->query('SELECT COUNT(*)...', Array, false)
#4 C:\wamp64\www\mi_proyecto\system\Model.php(676): CodeIgniter\Database\BaseBuilder->countAllResults(false)
#5 C:\wamp64\www\mi_proyecto\system\BaseModel.php(1283): CodeIgniter\Model->countAllResults(false)
#6 C:\wamp64\www\mi_proyecto\app\Controllers\UserController.php(48): CodeIgniter\BaseModel->paginate(3)
#7 C:\wamp64\www\mi_proyecto\system\CodeIgniter.php(933): App\Controllers\UserController->index()
#8 C:\wamp64\www\mi_proyecto\system\CodeIgniter.php(507): CodeIgniter\CodeIgniter->runController(Object(App\Controllers\UserController))
#9 C:\wamp64\www\mi_proyecto\system\CodeIgniter.php(354): CodeIgniter\CodeIgniter->handleRequest(NULL, Object(Config\Cache), false)
#10 C:\wamp64\www\mi_proyecto\system\Boot.php(334): CodeIgniter\CodeIgniter->run()
#11 C:\wamp64\www\mi_proyecto\system\Boot.php(67): CodeIgniter\Boot::runCodeIgniter(Object(CodeIgniter\CodeIgniter))
#12 C:\wamp64\www\mi_proyecto\public\index.php(56): CodeIgniter\Boot::bootWeb(Object(Config\Paths))
#13 {main}

Next CodeIgniter\Database\Exceptions\DatabaseException: Access denied for user '****'@'localhost' (using password: NO) in C:\wamp64\www\mi_proyecto\system\Database\MySQLi\Connection.php:246
Stack trace:
#0 C:\wamp64\www\mi_proyecto\system\Database\BaseConnection.php(421): CodeIgniter\Database\MySQLi\Connection->connect(false)
#1 C:\wamp64\www\mi_proyecto\system\Database\BaseConnection.php(620): CodeIgniter\Database\BaseConnection->initialize()
#2 C:\wamp64\www\mi_proyecto\system\Database\BaseBuilder.php(1733): CodeIgniter\Database\BaseConnection->query('SELECT COUNT(*)...', Array, false)
#3 C:\wamp64\www\mi_proyecto\system\Model.php(676): CodeIgniter\Database\BaseBuilder->countAllResults(false)
#4 C:\wamp64\www\mi_proyecto\system\BaseModel.php(1283): CodeIgniter\Model->countAllResults(false)
#5 C:\wamp64\www\mi_proyecto\app\Controllers\UserController.php(48): CodeIgniter\BaseModel->paginate(3)
#6 C:\wamp64\www\mi_proyecto\system\CodeIgniter.php(933): App\Controllers\UserController->index()
#7 C:\wamp64\www\mi_proyecto\system\CodeIgniter.php(507): CodeIgniter\CodeIgniter->runController(Object(App\Controllers\UserController))
#8 C:\wamp64\www\mi_proyecto\system\CodeIgniter.php(354): CodeIgniter\CodeIgniter->handleRequest(NULL, Object(Config\Cache), false)
#9 C:\wamp64\www\mi_proyecto\system\Boot.php(334): CodeIgniter\CodeIgniter->run()
#10 C:\wamp64\www\mi_proyecto\system\Boot.php(67): CodeIgniter\Boot::runCodeIgniter(Object(CodeIgniter\CodeIgniter))
#11 C:\wamp64\www\mi_proyecto\public\index.php(56): CodeIgniter\Boot::bootWeb(Object(Config\Paths))
#12 {main}
CRITICAL - 2025-02-18 07:17:41 --> CodeIgniter\Database\Exceptions\DatabaseException: Unable to connect to the database.
Main connection [MySQLi]: Access denied for user '****'@'localhost' (using password: NO)
[Method: GET, Route: users]
in SYSTEMPATH\Database\BaseConnection.php on line 467.
 1 SYSTEMPATH\Database\BaseConnection.php(620): CodeIgniter\Database\BaseConnection->initialize()
 2 SYSTEMPATH\Database\BaseBuilder.php(1733): CodeIgniter\Database\BaseConnection->query('SELECT COUNT(*) AS `numrows`
FROM `users`', [], false)
 3 SYSTEMPATH\Model.php(676): CodeIgniter\Database\BaseBuilder->countAllResults(false)
 4 SYSTEMPATH\BaseModel.php(1283): CodeIgniter\Model->countAllResults(false)
 5 APPPATH\Controllers\UserController.php(48): CodeIgniter\BaseModel->paginate(3)
 6 SYSTEMPATH\CodeIgniter.php(933): App\Controllers\UserController->index()
 7 SYSTEMPATH\CodeIgniter.php(507): CodeIgniter\CodeIgniter->runController(Object(App\Controllers\UserController))
 8 SYSTEMPATH\CodeIgniter.php(354): CodeIgniter\CodeIgniter->handleRequest(null, Object(Config\Cache), false)
 9 SYSTEMPATH\Boot.php(334): CodeIgniter\CodeIgniter->run()
10 SYSTEMPATH\Boot.php(67): CodeIgniter\Boot::runCodeIgniter(Object(CodeIgniter\CodeIgniter))
11 FCPATH\index.php(56): CodeIgniter\Boot::bootWeb(Object(Config\Paths))
ERROR - 2025-02-18 07:19:31 --> Error connecting to the database: mysqli_sql_exception: Access denied for user 'root'@'localhost' (using password: NO) in C:\wamp64\www\mi_proyecto\system\Database\MySQLi\Connection.php:201
Stack trace:
#0 C:\wamp64\www\mi_proyecto\system\Database\MySQLi\Connection.php(201): mysqli->real_connect('localhost', 'root', Object(SensitiveParameterValue), 'roast_coffe', 3306, '', 0)
#1 C:\wamp64\www\mi_proyecto\system\Database\BaseConnection.php(421): CodeIgniter\Database\MySQLi\Connection->connect(false)
#2 C:\wamp64\www\mi_proyecto\system\Database\BaseConnection.php(620): CodeIgniter\Database\BaseConnection->initialize()
#3 C:\wamp64\www\mi_proyecto\system\Database\BaseBuilder.php(1733): CodeIgniter\Database\BaseConnection->query('SELECT COUNT(*)...', Array, false)
#4 C:\wamp64\www\mi_proyecto\system\Model.php(676): CodeIgniter\Database\BaseBuilder->countAllResults(false)
#5 C:\wamp64\www\mi_proyecto\system\BaseModel.php(1283): CodeIgniter\Model->countAllResults(false)
#6 C:\wamp64\www\mi_proyecto\app\Controllers\UserController.php(48): CodeIgniter\BaseModel->paginate(3)
#7 C:\wamp64\www\mi_proyecto\system\CodeIgniter.php(933): App\Controllers\UserController->index()
#8 C:\wamp64\www\mi_proyecto\system\CodeIgniter.php(507): CodeIgniter\CodeIgniter->runController(Object(App\Controllers\UserController))
#9 C:\wamp64\www\mi_proyecto\system\CodeIgniter.php(354): CodeIgniter\CodeIgniter->handleRequest(NULL, Object(Config\Cache), false)
#10 C:\wamp64\www\mi_proyecto\system\Boot.php(334): CodeIgniter\CodeIgniter->run()
#11 C:\wamp64\www\mi_proyecto\system\Boot.php(67): CodeIgniter\Boot::runCodeIgniter(Object(CodeIgniter\CodeIgniter))
#12 C:\wamp64\www\mi_proyecto\public\index.php(56): CodeIgniter\Boot::bootWeb(Object(Config\Paths))
#13 {main}

Next CodeIgniter\Database\Exceptions\DatabaseException: Access denied for user '****'@'localhost' (using password: NO) in C:\wamp64\www\mi_proyecto\system\Database\MySQLi\Connection.php:246
Stack trace:
#0 C:\wamp64\www\mi_proyecto\system\Database\BaseConnection.php(421): CodeIgniter\Database\MySQLi\Connection->connect(false)
#1 C:\wamp64\www\mi_proyecto\system\Database\BaseConnection.php(620): CodeIgniter\Database\BaseConnection->initialize()
#2 C:\wamp64\www\mi_proyecto\system\Database\BaseBuilder.php(1733): CodeIgniter\Database\BaseConnection->query('SELECT COUNT(*)...', Array, false)
#3 C:\wamp64\www\mi_proyecto\system\Model.php(676): CodeIgniter\Database\BaseBuilder->countAllResults(false)
#4 C:\wamp64\www\mi_proyecto\system\BaseModel.php(1283): CodeIgniter\Model->countAllResults(false)
#5 C:\wamp64\www\mi_proyecto\app\Controllers\UserController.php(48): CodeIgniter\BaseModel->paginate(3)
#6 C:\wamp64\www\mi_proyecto\system\CodeIgniter.php(933): App\Controllers\UserController->index()
#7 C:\wamp64\www\mi_proyecto\system\CodeIgniter.php(507): CodeIgniter\CodeIgniter->runController(Object(App\Controllers\UserController))
#8 C:\wamp64\www\mi_proyecto\system\CodeIgniter.php(354): CodeIgniter\CodeIgniter->handleRequest(NULL, Object(Config\Cache), false)
#9 C:\wamp64\www\mi_proyecto\system\Boot.php(334): CodeIgniter\CodeIgniter->run()
#10 C:\wamp64\www\mi_proyecto\system\Boot.php(67): CodeIgniter\Boot::runCodeIgniter(Object(CodeIgniter\CodeIgniter))
#11 C:\wamp64\www\mi_proyecto\public\index.php(56): CodeIgniter\Boot::bootWeb(Object(Config\Paths))
#12 {main}
CRITICAL - 2025-02-18 07:19:31 --> CodeIgniter\Database\Exceptions\DatabaseException: Unable to connect to the database.
Main connection [MySQLi]: Access denied for user '****'@'localhost' (using password: NO)
[Method: GET, Route: users]
in SYSTEMPATH\Database\BaseConnection.php on line 467.
 1 SYSTEMPATH\Database\BaseConnection.php(620): CodeIgniter\Database\BaseConnection->initialize()
 2 SYSTEMPATH\Database\BaseBuilder.php(1733): CodeIgniter\Database\BaseConnection->query('SELECT COUNT(*) AS `numrows`
FROM `users`', [], false)
 3 SYSTEMPATH\Model.php(676): CodeIgniter\Database\BaseBuilder->countAllResults(false)
 4 SYSTEMPATH\BaseModel.php(1283): CodeIgniter\Model->countAllResults(false)
 5 APPPATH\Controllers\UserController.php(48): CodeIgniter\BaseModel->paginate(3)
 6 SYSTEMPATH\CodeIgniter.php(933): App\Controllers\UserController->index()
 7 SYSTEMPATH\CodeIgniter.php(507): CodeIgniter\CodeIgniter->runController(Object(App\Controllers\UserController))
 8 SYSTEMPATH\CodeIgniter.php(354): CodeIgniter\CodeIgniter->handleRequest(null, Object(Config\Cache), false)
 9 SYSTEMPATH\Boot.php(334): CodeIgniter\CodeIgniter->run()
10 SYSTEMPATH\Boot.php(67): CodeIgniter\Boot::runCodeIgniter(Object(CodeIgniter\CodeIgniter))
11 FCPATH\index.php(56): CodeIgniter\Boot::bootWeb(Object(Config\Paths))
ERROR - 2025-02-18 07:21:49 --> Error connecting to the database: mysqli_sql_exception: Access denied for user 'root'@'localhost' (using password: YES) in C:\wamp64\www\mi_proyecto\system\Database\MySQLi\Connection.php:201
Stack trace:
#0 C:\wamp64\www\mi_proyecto\system\Database\MySQLi\Connection.php(201): mysqli->real_connect('localhost', 'root', Object(SensitiveParameterValue), 'roast_coffe', 3306, '', 0)
#1 C:\wamp64\www\mi_proyecto\system\Database\BaseConnection.php(421): CodeIgniter\Database\MySQLi\Connection->connect(false)
#2 C:\wamp64\www\mi_proyecto\system\Database\BaseConnection.php(620): CodeIgniter\Database\BaseConnection->initialize()
#3 C:\wamp64\www\mi_proyecto\system\Database\BaseBuilder.php(1733): CodeIgniter\Database\BaseConnection->query('SELECT COUNT(*)...', Array, false)
#4 C:\wamp64\www\mi_proyecto\system\Model.php(676): CodeIgniter\Database\BaseBuilder->countAllResults(false)
#5 C:\wamp64\www\mi_proyecto\system\BaseModel.php(1283): CodeIgniter\Model->countAllResults(false)
#6 C:\wamp64\www\mi_proyecto\app\Controllers\UserController.php(48): CodeIgniter\BaseModel->paginate(3)
#7 C:\wamp64\www\mi_proyecto\system\CodeIgniter.php(933): App\Controllers\UserController->index()
#8 C:\wamp64\www\mi_proyecto\system\CodeIgniter.php(507): CodeIgniter\CodeIgniter->runController(Object(App\Controllers\UserController))
#9 C:\wamp64\www\mi_proyecto\system\CodeIgniter.php(354): CodeIgniter\CodeIgniter->handleRequest(NULL, Object(Config\Cache), false)
#10 C:\wamp64\www\mi_proyecto\system\Boot.php(334): CodeIgniter\CodeIgniter->run()
#11 C:\wamp64\www\mi_proyecto\system\Boot.php(67): CodeIgniter\Boot::runCodeIgniter(Object(CodeIgniter\CodeIgniter))
#12 C:\wamp64\www\mi_proyecto\public\index.php(56): CodeIgniter\Boot::bootWeb(Object(Config\Paths))
#13 {main}

Next CodeIgniter\Database\Exceptions\DatabaseException: Access denied for user '****'@'localhost' (using password: YES) in C:\wamp64\www\mi_proyecto\system\Database\MySQLi\Connection.php:246
Stack trace:
#0 C:\wamp64\www\mi_proyecto\system\Database\BaseConnection.php(421): CodeIgniter\Database\MySQLi\Connection->connect(false)
#1 C:\wamp64\www\mi_proyecto\system\Database\BaseConnection.php(620): CodeIgniter\Database\BaseConnection->initialize()
#2 C:\wamp64\www\mi_proyecto\system\Database\BaseBuilder.php(1733): CodeIgniter\Database\BaseConnection->query('SELECT COUNT(*)...', Array, false)
#3 C:\wamp64\www\mi_proyecto\system\Model.php(676): CodeIgniter\Database\BaseBuilder->countAllResults(false)
#4 C:\wamp64\www\mi_proyecto\system\BaseModel.php(1283): CodeIgniter\Model->countAllResults(false)
#5 C:\wamp64\www\mi_proyecto\app\Controllers\UserController.php(48): CodeIgniter\BaseModel->paginate(3)
#6 C:\wamp64\www\mi_proyecto\system\CodeIgniter.php(933): App\Controllers\UserController->index()
#7 C:\wamp64\www\mi_proyecto\system\CodeIgniter.php(507): CodeIgniter\CodeIgniter->runController(Object(App\Controllers\UserController))
#8 C:\wamp64\www\mi_proyecto\system\CodeIgniter.php(354): CodeIgniter\CodeIgniter->handleRequest(NULL, Object(Config\Cache), false)
#9 C:\wamp64\www\mi_proyecto\system\Boot.php(334): CodeIgniter\CodeIgniter->run()
#10 C:\wamp64\www\mi_proyecto\system\Boot.php(67): CodeIgniter\Boot::runCodeIgniter(Object(CodeIgniter\CodeIgniter))
#11 C:\wamp64\www\mi_proyecto\public\index.php(56): CodeIgniter\Boot::bootWeb(Object(Config\Paths))
#12 {main}
CRITICAL - 2025-02-18 07:21:49 --> CodeIgniter\Database\Exceptions\DatabaseException: Unable to connect to the database.
Main connection [MySQLi]: Access denied for user '****'@'localhost' (using password: YES)
[Method: GET, Route: users]
in SYSTEMPATH\Database\BaseConnection.php on line 467.
 1 SYSTEMPATH\Database\BaseConnection.php(620): CodeIgniter\Database\BaseConnection->initialize()
 2 SYSTEMPATH\Database\BaseBuilder.php(1733): CodeIgniter\Database\BaseConnection->query('SELECT COUNT(*) AS `numrows`
FROM `users`', [], false)
 3 SYSTEMPATH\Model.php(676): CodeIgniter\Database\BaseBuilder->countAllResults(false)
 4 SYSTEMPATH\BaseModel.php(1283): CodeIgniter\Model->countAllResults(false)
 5 APPPATH\Controllers\UserController.php(48): CodeIgniter\BaseModel->paginate(3)
 6 SYSTEMPATH\CodeIgniter.php(933): App\Controllers\UserController->index()
 7 SYSTEMPATH\CodeIgniter.php(507): CodeIgniter\CodeIgniter->runController(Object(App\Controllers\UserController))
 8 SYSTEMPATH\CodeIgniter.php(354): CodeIgniter\CodeIgniter->handleRequest(null, Object(Config\Cache), false)
 9 SYSTEMPATH\Boot.php(334): CodeIgniter\CodeIgniter->run()
10 SYSTEMPATH\Boot.php(67): CodeIgniter\Boot::runCodeIgniter(Object(CodeIgniter\CodeIgniter))
11 FCPATH\index.php(56): CodeIgniter\Boot::bootWeb(Object(Config\Paths))
ERROR - 2025-02-18 07:22:01 --> Error connecting to the database: mysqli_sql_exception: Access denied for user 'root'@'localhost' (using password: YES) in C:\wamp64\www\mi_proyecto\system\Database\MySQLi\Connection.php:201
Stack trace:
#0 C:\wamp64\www\mi_proyecto\system\Database\MySQLi\Connection.php(201): mysqli->real_connect('localhost', 'root', Object(SensitiveParameterValue), 'roast_coffe', 3306, '', 0)
#1 C:\wamp64\www\mi_proyecto\system\Database\BaseConnection.php(421): CodeIgniter\Database\MySQLi\Connection->connect(false)
#2 C:\wamp64\www\mi_proyecto\system\Database\BaseConnection.php(620): CodeIgniter\Database\BaseConnection->initialize()
#3 C:\wamp64\www\mi_proyecto\system\Database\BaseBuilder.php(1733): CodeIgniter\Database\BaseConnection->query('SELECT COUNT(*)...', Array, false)
#4 C:\wamp64\www\mi_proyecto\system\Model.php(676): CodeIgniter\Database\BaseBuilder->countAllResults(false)
#5 C:\wamp64\www\mi_proyecto\system\BaseModel.php(1283): CodeIgniter\Model->countAllResults(false)
#6 C:\wamp64\www\mi_proyecto\app\Controllers\UserController.php(48): CodeIgniter\BaseModel->paginate(3)
#7 C:\wamp64\www\mi_proyecto\system\CodeIgniter.php(933): App\Controllers\UserController->index()
#8 C:\wamp64\www\mi_proyecto\system\CodeIgniter.php(507): CodeIgniter\CodeIgniter->runController(Object(App\Controllers\UserController))
#9 C:\wamp64\www\mi_proyecto\system\CodeIgniter.php(354): CodeIgniter\CodeIgniter->handleRequest(NULL, Object(Config\Cache), false)
#10 C:\wamp64\www\mi_proyecto\system\Boot.php(334): CodeIgniter\CodeIgniter->run()
#11 C:\wamp64\www\mi_proyecto\system\Boot.php(67): CodeIgniter\Boot::runCodeIgniter(Object(CodeIgniter\CodeIgniter))
#12 C:\wamp64\www\mi_proyecto\public\index.php(56): CodeIgniter\Boot::bootWeb(Object(Config\Paths))
#13 {main}

Next CodeIgniter\Database\Exceptions\DatabaseException: Access denied for user '****'@'localhost' (using password: YES) in C:\wamp64\www\mi_proyecto\system\Database\MySQLi\Connection.php:246
Stack trace:
#0 C:\wamp64\www\mi_proyecto\system\Database\BaseConnection.php(421): CodeIgniter\Database\MySQLi\Connection->connect(false)
#1 C:\wamp64\www\mi_proyecto\system\Database\BaseConnection.php(620): CodeIgniter\Database\BaseConnection->initialize()
#2 C:\wamp64\www\mi_proyecto\system\Database\BaseBuilder.php(1733): CodeIgniter\Database\BaseConnection->query('SELECT COUNT(*)...', Array, false)
#3 C:\wamp64\www\mi_proyecto\system\Model.php(676): CodeIgniter\Database\BaseBuilder->countAllResults(false)
#4 C:\wamp64\www\mi_proyecto\system\BaseModel.php(1283): CodeIgniter\Model->countAllResults(false)
#5 C:\wamp64\www\mi_proyecto\app\Controllers\UserController.php(48): CodeIgniter\BaseModel->paginate(3)
#6 C:\wamp64\www\mi_proyecto\system\CodeIgniter.php(933): App\Controllers\UserController->index()
#7 C:\wamp64\www\mi_proyecto\system\CodeIgniter.php(507): CodeIgniter\CodeIgniter->runController(Object(App\Controllers\UserController))
#8 C:\wamp64\www\mi_proyecto\system\CodeIgniter.php(354): CodeIgniter\CodeIgniter->handleRequest(NULL, Object(Config\Cache), false)
#9 C:\wamp64\www\mi_proyecto\system\Boot.php(334): CodeIgniter\CodeIgniter->run()
#10 C:\wamp64\www\mi_proyecto\system\Boot.php(67): CodeIgniter\Boot::runCodeIgniter(Object(CodeIgniter\CodeIgniter))
#11 C:\wamp64\www\mi_proyecto\public\index.php(56): CodeIgniter\Boot::bootWeb(Object(Config\Paths))
#12 {main}
CRITICAL - 2025-02-18 07:22:01 --> CodeIgniter\Database\Exceptions\DatabaseException: Unable to connect to the database.
Main connection [MySQLi]: Access denied for user '****'@'localhost' (using password: YES)
[Method: GET, Route: users]
in SYSTEMPATH\Database\BaseConnection.php on line 467.
 1 SYSTEMPATH\Database\BaseConnection.php(620): CodeIgniter\Database\BaseConnection->initialize()
 2 SYSTEMPATH\Database\BaseBuilder.php(1733): CodeIgniter\Database\BaseConnection->query('SELECT COUNT(*) AS `numrows`
FROM `users`', [], false)
 3 SYSTEMPATH\Model.php(676): CodeIgniter\Database\BaseBuilder->countAllResults(false)
 4 SYSTEMPATH\BaseModel.php(1283): CodeIgniter\Model->countAllResults(false)
 5 APPPATH\Controllers\UserController.php(48): CodeIgniter\BaseModel->paginate(3)
 6 SYSTEMPATH\CodeIgniter.php(933): App\Controllers\UserController->index()
 7 SYSTEMPATH\CodeIgniter.php(507): CodeIgniter\CodeIgniter->runController(Object(App\Controllers\UserController))
 8 SYSTEMPATH\CodeIgniter.php(354): CodeIgniter\CodeIgniter->handleRequest(null, Object(Config\Cache), false)
 9 SYSTEMPATH\Boot.php(334): CodeIgniter\CodeIgniter->run()
10 SYSTEMPATH\Boot.php(67): CodeIgniter\Boot::runCodeIgniter(Object(CodeIgniter\CodeIgniter))
11 FCPATH\index.php(56): CodeIgniter\Boot::bootWeb(Object(Config\Paths))
ERROR - 2025-02-18 07:27:24 --> Error connecting to the database: mysqli_sql_exception: Access denied for user 'root'@'localhost' (using password: NO) in C:\wamp64\www\mi_proyecto\system\Database\MySQLi\Connection.php:201
Stack trace:
#0 C:\wamp64\www\mi_proyecto\system\Database\MySQLi\Connection.php(201): mysqli->real_connect('localhost', 'root', Object(SensitiveParameterValue), 'roast_coffe', 3306, '', 0)
#1 C:\wamp64\www\mi_proyecto\system\Database\BaseConnection.php(421): CodeIgniter\Database\MySQLi\Connection->connect(false)
#2 C:\wamp64\www\mi_proyecto\system\Database\BaseConnection.php(620): CodeIgniter\Database\BaseConnection->initialize()
#3 C:\wamp64\www\mi_proyecto\system\Database\BaseBuilder.php(1733): CodeIgniter\Database\BaseConnection->query('SELECT COUNT(*)...', Array, false)
#4 C:\wamp64\www\mi_proyecto\system\Model.php(676): CodeIgniter\Database\BaseBuilder->countAllResults(false)
#5 C:\wamp64\www\mi_proyecto\system\BaseModel.php(1283): CodeIgniter\Model->countAllResults(false)
#6 C:\wamp64\www\mi_proyecto\app\Controllers\UserController.php(48): CodeIgniter\BaseModel->paginate(3)
#7 C:\wamp64\www\mi_proyecto\system\CodeIgniter.php(933): App\Controllers\UserController->index()
#8 C:\wamp64\www\mi_proyecto\system\CodeIgniter.php(507): CodeIgniter\CodeIgniter->runController(Object(App\Controllers\UserController))
#9 C:\wamp64\www\mi_proyecto\system\CodeIgniter.php(354): CodeIgniter\CodeIgniter->handleRequest(NULL, Object(Config\Cache), false)
#10 C:\wamp64\www\mi_proyecto\system\Boot.php(334): CodeIgniter\CodeIgniter->run()
#11 C:\wamp64\www\mi_proyecto\system\Boot.php(67): CodeIgniter\Boot::runCodeIgniter(Object(CodeIgniter\CodeIgniter))
#12 C:\wamp64\www\mi_proyecto\public\index.php(56): CodeIgniter\Boot::bootWeb(Object(Config\Paths))
#13 {main}

Next CodeIgniter\Database\Exceptions\DatabaseException: Access denied for user '****'@'localhost' (using password: NO) in C:\wamp64\www\mi_proyecto\system\Database\MySQLi\Connection.php:246
Stack trace:
#0 C:\wamp64\www\mi_proyecto\system\Database\BaseConnection.php(421): CodeIgniter\Database\MySQLi\Connection->connect(false)
#1 C:\wamp64\www\mi_proyecto\system\Database\BaseConnection.php(620): CodeIgniter\Database\BaseConnection->initialize()
#2 C:\wamp64\www\mi_proyecto\system\Database\BaseBuilder.php(1733): CodeIgniter\Database\BaseConnection->query('SELECT COUNT(*)...', Array, false)
#3 C:\wamp64\www\mi_proyecto\system\Model.php(676): CodeIgniter\Database\BaseBuilder->countAllResults(false)
#4 C:\wamp64\www\mi_proyecto\system\BaseModel.php(1283): CodeIgniter\Model->countAllResults(false)
#5 C:\wamp64\www\mi_proyecto\app\Controllers\UserController.php(48): CodeIgniter\BaseModel->paginate(3)
#6 C:\wamp64\www\mi_proyecto\system\CodeIgniter.php(933): App\Controllers\UserController->index()
#7 C:\wamp64\www\mi_proyecto\system\CodeIgniter.php(507): CodeIgniter\CodeIgniter->runController(Object(App\Controllers\UserController))
#8 C:\wamp64\www\mi_proyecto\system\CodeIgniter.php(354): CodeIgniter\CodeIgniter->handleRequest(NULL, Object(Config\Cache), false)
#9 C:\wamp64\www\mi_proyecto\system\Boot.php(334): CodeIgniter\CodeIgniter->run()
#10 C:\wamp64\www\mi_proyecto\system\Boot.php(67): CodeIgniter\Boot::runCodeIgniter(Object(CodeIgniter\CodeIgniter))
#11 C:\wamp64\www\mi_proyecto\public\index.php(56): CodeIgniter\Boot::bootWeb(Object(Config\Paths))
#12 {main}
CRITICAL - 2025-02-18 07:27:24 --> CodeIgniter\Database\Exceptions\DatabaseException: Unable to connect to the database.
Main connection [MySQLi]: Access denied for user '****'@'localhost' (using password: NO)
[Method: GET, Route: users]
in SYSTEMPATH\Database\BaseConnection.php on line 467.
 1 SYSTEMPATH\Database\BaseConnection.php(620): CodeIgniter\Database\BaseConnection->initialize()
 2 SYSTEMPATH\Database\BaseBuilder.php(1733): CodeIgniter\Database\BaseConnection->query('SELECT COUNT(*) AS `numrows`
FROM `users`', [], false)
 3 SYSTEMPATH\Model.php(676): CodeIgniter\Database\BaseBuilder->countAllResults(false)
 4 SYSTEMPATH\BaseModel.php(1283): CodeIgniter\Model->countAllResults(false)
 5 APPPATH\Controllers\UserController.php(48): CodeIgniter\BaseModel->paginate(3)
 6 SYSTEMPATH\CodeIgniter.php(933): App\Controllers\UserController->index()
 7 SYSTEMPATH\CodeIgniter.php(507): CodeIgniter\CodeIgniter->runController(Object(App\Controllers\UserController))
 8 SYSTEMPATH\CodeIgniter.php(354): CodeIgniter\CodeIgniter->handleRequest(null, Object(Config\Cache), false)
 9 SYSTEMPATH\Boot.php(334): CodeIgniter\CodeIgniter->run()
10 SYSTEMPATH\Boot.php(67): CodeIgniter\Boot::runCodeIgniter(Object(CodeIgniter\CodeIgniter))
11 FCPATH\index.php(56): CodeIgniter\Boot::bootWeb(Object(Config\Paths))
ERROR - 2025-02-18 07:27:26 --> Error connecting to the database: mysqli_sql_exception: Access denied for user 'root'@'localhost' (using password: NO) in C:\wamp64\www\mi_proyecto\system\Database\MySQLi\Connection.php:201
Stack trace:
#0 C:\wamp64\www\mi_proyecto\system\Database\MySQLi\Connection.php(201): mysqli->real_connect('localhost', 'root', Object(SensitiveParameterValue), 'roast_coffe', 3306, '', 0)
#1 C:\wamp64\www\mi_proyecto\system\Database\BaseConnection.php(421): CodeIgniter\Database\MySQLi\Connection->connect(false)
#2 C:\wamp64\www\mi_proyecto\system\Database\BaseConnection.php(620): CodeIgniter\Database\BaseConnection->initialize()
#3 C:\wamp64\www\mi_proyecto\system\Database\BaseBuilder.php(1733): CodeIgniter\Database\BaseConnection->query('SELECT COUNT(*)...', Array, false)
#4 C:\wamp64\www\mi_proyecto\system\Model.php(676): CodeIgniter\Database\BaseBuilder->countAllResults(false)
#5 C:\wamp64\www\mi_proyecto\system\BaseModel.php(1283): CodeIgniter\Model->countAllResults(false)
#6 C:\wamp64\www\mi_proyecto\app\Controllers\UserController.php(48): CodeIgniter\BaseModel->paginate(3)
#7 C:\wamp64\www\mi_proyecto\system\CodeIgniter.php(933): App\Controllers\UserController->index()
#8 C:\wamp64\www\mi_proyecto\system\CodeIgniter.php(507): CodeIgniter\CodeIgniter->runController(Object(App\Controllers\UserController))
#9 C:\wamp64\www\mi_proyecto\system\CodeIgniter.php(354): CodeIgniter\CodeIgniter->handleRequest(NULL, Object(Config\Cache), false)
#10 C:\wamp64\www\mi_proyecto\system\Boot.php(334): CodeIgniter\CodeIgniter->run()
#11 C:\wamp64\www\mi_proyecto\system\Boot.php(67): CodeIgniter\Boot::runCodeIgniter(Object(CodeIgniter\CodeIgniter))
#12 C:\wamp64\www\mi_proyecto\public\index.php(56): CodeIgniter\Boot::bootWeb(Object(Config\Paths))
#13 {main}

Next CodeIgniter\Database\Exceptions\DatabaseException: Access denied for user '****'@'localhost' (using password: NO) in C:\wamp64\www\mi_proyecto\system\Database\MySQLi\Connection.php:246
Stack trace:
#0 C:\wamp64\www\mi_proyecto\system\Database\BaseConnection.php(421): CodeIgniter\Database\MySQLi\Connection->connect(false)
#1 C:\wamp64\www\mi_proyecto\system\Database\BaseConnection.php(620): CodeIgniter\Database\BaseConnection->initialize()
#2 C:\wamp64\www\mi_proyecto\system\Database\BaseBuilder.php(1733): CodeIgniter\Database\BaseConnection->query('SELECT COUNT(*)...', Array, false)
#3 C:\wamp64\www\mi_proyecto\system\Model.php(676): CodeIgniter\Database\BaseBuilder->countAllResults(false)
#4 C:\wamp64\www\mi_proyecto\system\BaseModel.php(1283): CodeIgniter\Model->countAllResults(false)
#5 C:\wamp64\www\mi_proyecto\app\Controllers\UserController.php(48): CodeIgniter\BaseModel->paginate(3)
#6 C:\wamp64\www\mi_proyecto\system\CodeIgniter.php(933): App\Controllers\UserController->index()
#7 C:\wamp64\www\mi_proyecto\system\CodeIgniter.php(507): CodeIgniter\CodeIgniter->runController(Object(App\Controllers\UserController))
#8 C:\wamp64\www\mi_proyecto\system\CodeIgniter.php(354): CodeIgniter\CodeIgniter->handleRequest(NULL, Object(Config\Cache), false)
#9 C:\wamp64\www\mi_proyecto\system\Boot.php(334): CodeIgniter\CodeIgniter->run()
#10 C:\wamp64\www\mi_proyecto\system\Boot.php(67): CodeIgniter\Boot::runCodeIgniter(Object(CodeIgniter\CodeIgniter))
#11 C:\wamp64\www\mi_proyecto\public\index.php(56): CodeIgniter\Boot::bootWeb(Object(Config\Paths))
#12 {main}
CRITICAL - 2025-02-18 07:27:26 --> CodeIgniter\Database\Exceptions\DatabaseException: Unable to connect to the database.
Main connection [MySQLi]: Access denied for user '****'@'localhost' (using password: NO)
[Method: GET, Route: users]
in SYSTEMPATH\Database\BaseConnection.php on line 467.
 1 SYSTEMPATH\Database\BaseConnection.php(620): CodeIgniter\Database\BaseConnection->initialize()
 2 SYSTEMPATH\Database\BaseBuilder.php(1733): CodeIgniter\Database\BaseConnection->query('SELECT COUNT(*) AS `numrows`
FROM `users`', [], false)
 3 SYSTEMPATH\Model.php(676): CodeIgniter\Database\BaseBuilder->countAllResults(false)
 4 SYSTEMPATH\BaseModel.php(1283): CodeIgniter\Model->countAllResults(false)
 5 APPPATH\Controllers\UserController.php(48): CodeIgniter\BaseModel->paginate(3)
 6 SYSTEMPATH\CodeIgniter.php(933): App\Controllers\UserController->index()
 7 SYSTEMPATH\CodeIgniter.php(507): CodeIgniter\CodeIgniter->runController(Object(App\Controllers\UserController))
 8 SYSTEMPATH\CodeIgniter.php(354): CodeIgniter\CodeIgniter->handleRequest(null, Object(Config\Cache), false)
 9 SYSTEMPATH\Boot.php(334): CodeIgniter\CodeIgniter->run()
10 SYSTEMPATH\Boot.php(67): CodeIgniter\Boot::runCodeIgniter(Object(CodeIgniter\CodeIgniter))
11 FCPATH\index.php(56): CodeIgniter\Boot::bootWeb(Object(Config\Paths))
ERROR - 2025-02-18 07:28:36 --> Error connecting to the database: mysqli_sql_exception: Access denied for user 'root'@'localhost' (using password: NO) in C:\wamp64\www\mi_proyecto\system\Database\MySQLi\Connection.php:201
Stack trace:
#0 C:\wamp64\www\mi_proyecto\system\Database\MySQLi\Connection.php(201): mysqli->real_connect('localhost', 'root', Object(SensitiveParameterValue), 'roast_coffe', 3306, '', 0)
#1 C:\wamp64\www\mi_proyecto\system\Database\BaseConnection.php(421): CodeIgniter\Database\MySQLi\Connection->connect(false)
#2 C:\wamp64\www\mi_proyecto\system\Database\BaseConnection.php(620): CodeIgniter\Database\BaseConnection->initialize()
#3 C:\wamp64\www\mi_proyecto\system\Database\BaseBuilder.php(1733): CodeIgniter\Database\BaseConnection->query('SELECT COUNT(*)...', Array, false)
#4 C:\wamp64\www\mi_proyecto\system\Model.php(676): CodeIgniter\Database\BaseBuilder->countAllResults(false)
#5 C:\wamp64\www\mi_proyecto\system\BaseModel.php(1283): CodeIgniter\Model->countAllResults(false)
#6 C:\wamp64\www\mi_proyecto\app\Controllers\UserController.php(48): CodeIgniter\BaseModel->paginate(3)
#7 C:\wamp64\www\mi_proyecto\system\CodeIgniter.php(933): App\Controllers\UserController->index()
#8 C:\wamp64\www\mi_proyecto\system\CodeIgniter.php(507): CodeIgniter\CodeIgniter->runController(Object(App\Controllers\UserController))
#9 C:\wamp64\www\mi_proyecto\system\CodeIgniter.php(354): CodeIgniter\CodeIgniter->handleRequest(NULL, Object(Config\Cache), false)
#10 C:\wamp64\www\mi_proyecto\system\Boot.php(334): CodeIgniter\CodeIgniter->run()
#11 C:\wamp64\www\mi_proyecto\system\Boot.php(67): CodeIgniter\Boot::runCodeIgniter(Object(CodeIgniter\CodeIgniter))
#12 C:\wamp64\www\mi_proyecto\public\index.php(56): CodeIgniter\Boot::bootWeb(Object(Config\Paths))
#13 {main}

Next CodeIgniter\Database\Exceptions\DatabaseException: Access denied for user '****'@'localhost' (using password: NO) in C:\wamp64\www\mi_proyecto\system\Database\MySQLi\Connection.php:246
Stack trace:
#0 C:\wamp64\www\mi_proyecto\system\Database\BaseConnection.php(421): CodeIgniter\Database\MySQLi\Connection->connect(false)
#1 C:\wamp64\www\mi_proyecto\system\Database\BaseConnection.php(620): CodeIgniter\Database\BaseConnection->initialize()
#2 C:\wamp64\www\mi_proyecto\system\Database\BaseBuilder.php(1733): CodeIgniter\Database\BaseConnection->query('SELECT COUNT(*)...', Array, false)
#3 C:\wamp64\www\mi_proyecto\system\Model.php(676): CodeIgniter\Database\BaseBuilder->countAllResults(false)
#4 C:\wamp64\www\mi_proyecto\system\BaseModel.php(1283): CodeIgniter\Model->countAllResults(false)
#5 C:\wamp64\www\mi_proyecto\app\Controllers\UserController.php(48): CodeIgniter\BaseModel->paginate(3)
#6 C:\wamp64\www\mi_proyecto\system\CodeIgniter.php(933): App\Controllers\UserController->index()
#7 C:\wamp64\www\mi_proyecto\system\CodeIgniter.php(507): CodeIgniter\CodeIgniter->runController(Object(App\Controllers\UserController))
#8 C:\wamp64\www\mi_proyecto\system\CodeIgniter.php(354): CodeIgniter\CodeIgniter->handleRequest(NULL, Object(Config\Cache), false)
#9 C:\wamp64\www\mi_proyecto\system\Boot.php(334): CodeIgniter\CodeIgniter->run()
#10 C:\wamp64\www\mi_proyecto\system\Boot.php(67): CodeIgniter\Boot::runCodeIgniter(Object(CodeIgniter\CodeIgniter))
#11 C:\wamp64\www\mi_proyecto\public\index.php(56): CodeIgniter\Boot::bootWeb(Object(Config\Paths))
#12 {main}
CRITICAL - 2025-02-18 07:28:36 --> CodeIgniter\Database\Exceptions\DatabaseException: Unable to connect to the database.
Main connection [MySQLi]: Access denied for user '****'@'localhost' (using password: NO)
[Method: GET, Route: users]
in SYSTEMPATH\Database\BaseConnection.php on line 467.
 1 SYSTEMPATH\Database\BaseConnection.php(620): CodeIgniter\Database\BaseConnection->initialize()
 2 SYSTEMPATH\Database\BaseBuilder.php(1733): CodeIgniter\Database\BaseConnection->query('SELECT COUNT(*) AS `numrows`
FROM `users`', [], false)
 3 SYSTEMPATH\Model.php(676): CodeIgniter\Database\BaseBuilder->countAllResults(false)
 4 SYSTEMPATH\BaseModel.php(1283): CodeIgniter\Model->countAllResults(false)
 5 APPPATH\Controllers\UserController.php(48): CodeIgniter\BaseModel->paginate(3)
 6 SYSTEMPATH\CodeIgniter.php(933): App\Controllers\UserController->index()
 7 SYSTEMPATH\CodeIgniter.php(507): CodeIgniter\CodeIgniter->runController(Object(App\Controllers\UserController))
 8 SYSTEMPATH\CodeIgniter.php(354): CodeIgniter\CodeIgniter->handleRequest(null, Object(Config\Cache), false)
 9 SYSTEMPATH\Boot.php(334): CodeIgniter\CodeIgniter->run()
10 SYSTEMPATH\Boot.php(67): CodeIgniter\Boot::runCodeIgniter(Object(CodeIgniter\CodeIgniter))
11 FCPATH\index.php(56): CodeIgniter\Boot::bootWeb(Object(Config\Paths))
ERROR - 2025-02-18 07:30:31 --> Error connecting to the database: mysqli_sql_exception: Access denied for user 'root'@'localhost' (using password: NO) in C:\wamp64\www\mi_proyecto\system\Database\MySQLi\Connection.php:201
Stack trace:
#0 C:\wamp64\www\mi_proyecto\system\Database\MySQLi\Connection.php(201): mysqli->real_connect('localhost', 'root', Object(SensitiveParameterValue), 'roast_coffe', 3306, '', 0)
#1 C:\wamp64\www\mi_proyecto\system\Database\BaseConnection.php(421): CodeIgniter\Database\MySQLi\Connection->connect(false)
#2 C:\wamp64\www\mi_proyecto\system\Database\BaseConnection.php(620): CodeIgniter\Database\BaseConnection->initialize()
#3 C:\wamp64\www\mi_proyecto\system\Database\BaseBuilder.php(1733): CodeIgniter\Database\BaseConnection->query('SELECT COUNT(*)...', Array, false)
#4 C:\wamp64\www\mi_proyecto\system\Model.php(676): CodeIgniter\Database\BaseBuilder->countAllResults(false)
#5 C:\wamp64\www\mi_proyecto\system\BaseModel.php(1283): CodeIgniter\Model->countAllResults(false)
#6 C:\wamp64\www\mi_proyecto\app\Controllers\UserController.php(48): CodeIgniter\BaseModel->paginate(3)
#7 C:\wamp64\www\mi_proyecto\system\CodeIgniter.php(933): App\Controllers\UserController->index()
#8 C:\wamp64\www\mi_proyecto\system\CodeIgniter.php(507): CodeIgniter\CodeIgniter->runController(Object(App\Controllers\UserController))
#9 C:\wamp64\www\mi_proyecto\system\CodeIgniter.php(354): CodeIgniter\CodeIgniter->handleRequest(NULL, Object(Config\Cache), false)
#10 C:\wamp64\www\mi_proyecto\system\Boot.php(334): CodeIgniter\CodeIgniter->run()
#11 C:\wamp64\www\mi_proyecto\system\Boot.php(67): CodeIgniter\Boot::runCodeIgniter(Object(CodeIgniter\CodeIgniter))
#12 C:\wamp64\www\mi_proyecto\public\index.php(56): CodeIgniter\Boot::bootWeb(Object(Config\Paths))
#13 {main}

Next CodeIgniter\Database\Exceptions\DatabaseException: Access denied for user '****'@'localhost' (using password: NO) in C:\wamp64\www\mi_proyecto\system\Database\MySQLi\Connection.php:246
Stack trace:
#0 C:\wamp64\www\mi_proyecto\system\Database\BaseConnection.php(421): CodeIgniter\Database\MySQLi\Connection->connect(false)
#1 C:\wamp64\www\mi_proyecto\system\Database\BaseConnection.php(620): CodeIgniter\Database\BaseConnection->initialize()
#2 C:\wamp64\www\mi_proyecto\system\Database\BaseBuilder.php(1733): CodeIgniter\Database\BaseConnection->query('SELECT COUNT(*)...', Array, false)
#3 C:\wamp64\www\mi_proyecto\system\Model.php(676): CodeIgniter\Database\BaseBuilder->countAllResults(false)
#4 C:\wamp64\www\mi_proyecto\system\BaseModel.php(1283): CodeIgniter\Model->countAllResults(false)
#5 C:\wamp64\www\mi_proyecto\app\Controllers\UserController.php(48): CodeIgniter\BaseModel->paginate(3)
#6 C:\wamp64\www\mi_proyecto\system\CodeIgniter.php(933): App\Controllers\UserController->index()
#7 C:\wamp64\www\mi_proyecto\system\CodeIgniter.php(507): CodeIgniter\CodeIgniter->runController(Object(App\Controllers\UserController))
#8 C:\wamp64\www\mi_proyecto\system\CodeIgniter.php(354): CodeIgniter\CodeIgniter->handleRequest(NULL, Object(Config\Cache), false)
#9 C:\wamp64\www\mi_proyecto\system\Boot.php(334): CodeIgniter\CodeIgniter->run()
#10 C:\wamp64\www\mi_proyecto\system\Boot.php(67): CodeIgniter\Boot::runCodeIgniter(Object(CodeIgniter\CodeIgniter))
#11 C:\wamp64\www\mi_proyecto\public\index.php(56): CodeIgniter\Boot::bootWeb(Object(Config\Paths))
#12 {main}
CRITICAL - 2025-02-18 07:30:31 --> CodeIgniter\Database\Exceptions\DatabaseException: Unable to connect to the database.
Main connection [MySQLi]: Access denied for user '****'@'localhost' (using password: NO)
[Method: GET, Route: users]
in SYSTEMPATH\Database\BaseConnection.php on line 467.
 1 SYSTEMPATH\Database\BaseConnection.php(620): CodeIgniter\Database\BaseConnection->initialize()
 2 SYSTEMPATH\Database\BaseBuilder.php(1733): CodeIgniter\Database\BaseConnection->query('SELECT COUNT(*) AS `numrows`
FROM `users`', [], false)
 3 SYSTEMPATH\Model.php(676): CodeIgniter\Database\BaseBuilder->countAllResults(false)
 4 SYSTEMPATH\BaseModel.php(1283): CodeIgniter\Model->countAllResults(false)
 5 APPPATH\Controllers\UserController.php(48): CodeIgniter\BaseModel->paginate(3)
 6 SYSTEMPATH\CodeIgniter.php(933): App\Controllers\UserController->index()
 7 SYSTEMPATH\CodeIgniter.php(507): CodeIgniter\CodeIgniter->runController(Object(App\Controllers\UserController))
 8 SYSTEMPATH\CodeIgniter.php(354): CodeIgniter\CodeIgniter->handleRequest(null, Object(Config\Cache), false)
 9 SYSTEMPATH\Boot.php(334): CodeIgniter\CodeIgniter->run()
10 SYSTEMPATH\Boot.php(67): CodeIgniter\Boot::runCodeIgniter(Object(CodeIgniter\CodeIgniter))
11 FCPATH\index.php(56): CodeIgniter\Boot::bootWeb(Object(Config\Paths))
ERROR - 2025-02-18 12:02:13 --> mysqli_sql_exception: Table 'roast_coffe.profiles' doesn't exist in C:\wamp64\www\mi_proyecto\system\Database\MySQLi\Connection.php:327
Stack trace:
#0 C:\wamp64\www\mi_proyecto\system\Database\MySQLi\Connection.php(327): mysqli->query('SELECT COUNT(*)...', 0)
#1 C:\wamp64\www\mi_proyecto\system\Database\BaseConnection.php(738): CodeIgniter\Database\MySQLi\Connection->execute('SELECT COUNT(*)...')
#2 C:\wamp64\www\mi_proyecto\system\Database\BaseConnection.php(652): CodeIgniter\Database\BaseConnection->simpleQuery('SELECT COUNT(*)...')
#3 C:\wamp64\www\mi_proyecto\system\Database\BaseBuilder.php(1733): CodeIgniter\Database\BaseConnection->query('SELECT COUNT(*)...', Array, false)
#4 C:\wamp64\www\mi_proyecto\system\Model.php(676): CodeIgniter\Database\BaseBuilder->countAllResults(false)
#5 C:\wamp64\www\mi_proyecto\system\BaseModel.php(1283): CodeIgniter\Model->countAllResults(false)
#6 C:\wamp64\www\mi_proyecto\app\Controllers\ProfileController.php(35): CodeIgniter\BaseModel->paginate(10)
#7 C:\wamp64\www\mi_proyecto\system\CodeIgniter.php(933): App\Controllers\ProfileController->index()
#8 C:\wamp64\www\mi_proyecto\system\CodeIgniter.php(507): CodeIgniter\CodeIgniter->runController(Object(App\Controllers\ProfileController))
#9 C:\wamp64\www\mi_proyecto\system\CodeIgniter.php(354): CodeIgniter\CodeIgniter->handleRequest(NULL, Object(Config\Cache), false)
#10 C:\wamp64\www\mi_proyecto\system\Boot.php(334): CodeIgniter\CodeIgniter->run()
#11 C:\wamp64\www\mi_proyecto\system\Boot.php(67): CodeIgniter\Boot::runCodeIgniter(Object(CodeIgniter\CodeIgniter))
#12 C:\wamp64\www\mi_proyecto\public\index.php(56): CodeIgniter\Boot::bootWeb(Object(Config\Paths))
#13 {main}
CRITICAL - 2025-02-18 12:02:13 --> CodeIgniter\Database\Exceptions\DatabaseException: Table 'roast_coffe.profiles' doesn't exist
[Method: GET, Route: profiles]
in SYSTEMPATH\Database\BaseConnection.php on line 692.
 1 SYSTEMPATH\Database\BaseBuilder.php(1733): CodeIgniter\Database\BaseConnection->query('SELECT COUNT(*) AS `numrows`
FROM `profiles`', [], false)
 2 SYSTEMPATH\Model.php(676): CodeIgniter\Database\BaseBuilder->countAllResults(false)
 3 SYSTEMPATH\BaseModel.php(1283): CodeIgniter\Model->countAllResults(false)
 4 APPPATH\Controllers\ProfileController.php(35): CodeIgniter\BaseModel->paginate(10)
 5 SYSTEMPATH\CodeIgniter.php(933): App\Controllers\ProfileController->index()
 6 SYSTEMPATH\CodeIgniter.php(507): CodeIgniter\CodeIgniter->runController(Object(App\Controllers\ProfileController))
 7 SYSTEMPATH\CodeIgniter.php(354): CodeIgniter\CodeIgniter->handleRequest(null, Object(Config\Cache), false)
 8 SYSTEMPATH\Boot.php(334): CodeIgniter\CodeIgniter->run()
 9 SYSTEMPATH\Boot.php(67): CodeIgniter\Boot::runCodeIgniter(Object(CodeIgniter\CodeIgniter))
10 FCPATH\index.php(56): CodeIgniter\Boot::bootWeb(Object(Config\Paths))
CRITICAL - 2025-02-18 12:02:13 --> [Caused by] CodeIgniter\Database\Exceptions\DatabaseException: Table 'roast_coffe.profiles' doesn't exist
in SYSTEMPATH\Database\MySQLi\Connection.php on line 332.
 1 SYSTEMPATH\Database\BaseConnection.php(738): CodeIgniter\Database\MySQLi\Connection->execute('SELECT COUNT(*) AS `numrows`
FROM `profiles`')
 2 SYSTEMPATH\Database\BaseConnection.php(652): CodeIgniter\Database\BaseConnection->simpleQuery('SELECT COUNT(*) AS `numrows`
FROM `profiles`')
 3 SYSTEMPATH\Database\BaseBuilder.php(1733): CodeIgniter\Database\BaseConnection->query('SELECT COUNT(*) AS `numrows`
FROM `profiles`', [], false)
 4 SYSTEMPATH\Model.php(676): CodeIgniter\Database\BaseBuilder->countAllResults(false)
 5 SYSTEMPATH\BaseModel.php(1283): CodeIgniter\Model->countAllResults(false)
 6 APPPATH\Controllers\ProfileController.php(35): CodeIgniter\BaseModel->paginate(10)
 7 SYSTEMPATH\CodeIgniter.php(933): App\Controllers\ProfileController->index()
 8 SYSTEMPATH\CodeIgniter.php(507): CodeIgniter\CodeIgniter->runController(Object(App\Controllers\ProfileController))
 9 SYSTEMPATH\CodeIgniter.php(354): CodeIgniter\CodeIgniter->handleRequest(null, Object(Config\Cache), false)
10 SYSTEMPATH\Boot.php(334): CodeIgniter\CodeIgniter->run()
11 SYSTEMPATH\Boot.php(67): CodeIgniter\Boot::runCodeIgniter(Object(CodeIgniter\CodeIgniter))
12 FCPATH\index.php(56): CodeIgniter\Boot::bootWeb(Object(Config\Paths))
CRITICAL - 2025-02-18 12:02:13 --> [Caused by] mysqli_sql_exception: Table 'roast_coffe.profiles' doesn't exist
in SYSTEMPATH\Database\MySQLi\Connection.php on line 327.
 1 SYSTEMPATH\Database\MySQLi\Connection.php(327): mysqli->query('SELECT COUNT(*) AS `numrows`
FROM `profiles`', 0)
 2 SYSTEMPATH\Database\BaseConnection.php(738): CodeIgniter\Database\MySQLi\Connection->execute('SELECT COUNT(*) AS `numrows`
FROM `profiles`')
 3 SYSTEMPATH\Database\BaseConnection.php(652): CodeIgniter\Database\BaseConnection->simpleQuery('SELECT COUNT(*) AS `numrows`
FROM `profiles`')
 4 SYSTEMPATH\Database\BaseBuilder.php(1733): CodeIgniter\Database\BaseConnection->query('SELECT COUNT(*) AS `numrows`
FROM `profiles`', [], false)
 5 SYSTEMPATH\Model.php(676): CodeIgniter\Database\BaseBuilder->countAllResults(false)
 6 SYSTEMPATH\BaseModel.php(1283): CodeIgniter\Model->countAllResults(false)
 7 APPPATH\Controllers\ProfileController.php(35): CodeIgniter\BaseModel->paginate(10)
 8 SYSTEMPATH\CodeIgniter.php(933): App\Controllers\ProfileController->index()
 9 SYSTEMPATH\CodeIgniter.php(507): CodeIgniter\CodeIgniter->runController(Object(App\Controllers\ProfileController))
10 SYSTEMPATH\CodeIgniter.php(354): CodeIgniter\CodeIgniter->handleRequest(null, Object(Config\Cache), false)
11 SYSTEMPATH\Boot.php(334): CodeIgniter\CodeIgniter->run()
12 SYSTEMPATH\Boot.php(67): CodeIgniter\Boot::runCodeIgniter(Object(CodeIgniter\CodeIgniter))
13 FCPATH\index.php(56): CodeIgniter\Boot::bootWeb(Object(Config\Paths))
